2026-05-30 19:24:34,201 [INFO] Activator:176 - 


2026-05-30 19:24:34,210 [INFO] Activator:177 - !SESSION log4j initialized
2026-05-30 19:24:40,423 [INFO] LogOutputStream:77 - [STDOUT_REDIRECT] 
2026-05-30 19:24:42,124 [ERROR] LogOutputStream:75 - [STDERR_REDIRECT] java.net.URISyntaxException: Illegal character in path at index 37: file:/home/animesh/Documents/Embedded System/Embedded-C/My_Workspace/Host/.metadata/.log4j2.xml
2026-05-30 19:24:42,128 [ERROR] LogOutputStream:75 - [STDERR_REDIRECT] 	at java.base/java.net.URI$Parser.fail(URI.java:2995)
2026-05-30 19:24:42,136 [ERROR] LogOutputStream:75 - [STDERR_REDIRECT] 	at java.base/java.net.URI$Parser.checkChars(URI.java:3166)
2026-05-30 19:24:42,137 [ERROR] LogOutputStream:75 - [STDERR_REDIRECT] 	at java.base/java.net.URI$Parser.parseHierarchical(URI.java:3248)
2026-05-30 19:24:42,137 [ERROR] LogOutputStream:75 - [STDERR_REDIRECT] 	at java.base/java.net.URI$Parser.parse(URI.java:3196)
2026-05-30 19:24:42,138 [ERROR] LogOutputStream:75 - [STDERR_REDIRECT] 	at java.base/java.net.URI.<init>(URI.java:645)
2026-05-30 19:24:42,138 [ERROR] LogOutputStream:75 - [STDERR_REDIRECT] 	at java.base/java.net.URL.toURI(URL.java:1220)
2026-05-30 19:24:42,138 [ERROR] LogOutputStream:75 - [STDERR_REDIRECT] 	at com.st.stm32cube.common.mx.core.CubeMxInstance.getInstance(CubeMxInstance.java:81)
2026-05-30 19:24:42,139 [ERROR] LogOutputStream:75 - [STDERR_REDIRECT] 	at com.st.stm32cube.common.mx.userauth.UserAuthAdapter.<init>(UserAuthAdapter.java:25)
2026-05-30 19:24:42,139 [ERROR] LogOutputStream:75 - [STDERR_REDIRECT] 	at com.st.stm32cube.common.mx.userauth.UserAuthProvider.getUserAuthAdapter(UserAuthProvider.java:16)
2026-05-30 19:24:42,140 [ERROR] LogOutputStream:75 - [STDERR_REDIRECT] 	at com.st.stm32cube.common.ecosystemintegration.ui.core.MCUEcoSystemIntegrationUiHelper.getUserAuth(MCUEcoSystemIntegrationUiHelper.java:100)
2026-05-30 19:24:42,147 [ERROR] LogOutputStream:75 - [STDERR_REDIRECT] 	at com.st.stm32cube.ide.mcu.userauth.UserAuthStartup.earlyStartup(UserAuthStartup.java:32)
2026-05-30 19:24:42,152 [ERROR] LogOutputStream:75 - [STDERR_REDIRECT] 	at org.eclipse.ui.internal.EarlyStartupRunnable.runEarlyStartup(EarlyStartupRunnable.java:79)
2026-05-30 19:24:42,159 [ERROR] LogOutputStream:75 - [STDERR_REDIRECT] 	at org.eclipse.ui.internal.EarlyStartupRunnable.run(EarlyStartupRunnable.java:55)
2026-05-30 19:24:42,160 [ERROR] LogOutputStream:75 - [STDERR_REDIRECT] 	at org.eclipse.core.runtime.SafeRunner.run(SafeRunner.java:47)
2026-05-30 19:24:42,160 [ERROR] LogOutputStream:75 - [STDERR_REDIRECT] 	at org.eclipse.ui.internal.Workbench$39.run(Workbench.java:2733)
2026-05-30 19:24:42,160 [ERROR] LogOutputStream:75 - [STDERR_REDIRECT] 	at org.eclipse.core.internal.jobs.Worker.run(Worker.java:63)
2026-05-30 19:24:51,198 [ERROR] LogOutputStream:75 - [STDERR_REDIRECT] May 30, 2026 7:24:51 PM java.util.prefs.FileSystemPreferences$2 run
2026-05-30 19:24:51,199 [ERROR] LogOutputStream:75 - [STDERR_REDIRECT] WARNING: Could not create system preferences directory. System preferences are unusable.
2026-05-30 19:24:51,199 [ERROR] LogOutputStream:75 - [STDERR_REDIRECT] 
2026-05-30 19:24:55,486 [INFO] LogOutputStream:77 - [STDOUT_REDIRECT] 1 : Invalid condition id : UX_CORESTACK_Condition cause : null
2026-05-30 19:24:55,491 [INFO] LogOutputStream:77 - [STDOUT_REDIRECT] 1 : Invalid condition id : UX_CORESTACK_Condition cause : null
2026-05-30 19:24:55,491 [INFO] LogOutputStream:77 - [STDOUT_REDIRECT] 1 : Invalid condition id : UX_CORESTACK_Condition cause : null
2026-05-30 19:24:55,491 [INFO] LogOutputStream:77 - [STDOUT_REDIRECT] 1 : Invalid condition id : UX_CORESTACK_Condition cause : null
2026-05-30 19:24:55,492 [INFO] LogOutputStream:77 - [STDOUT_REDIRECT] 1 : Invalid condition id : UX_CORESTACK_Condition cause : null
2026-05-30 19:25:10,694 [ERROR] LogOutputStream:75 - [STDERR_REDIRECT] May 30, 2026 7:25:10 PM java.util.prefs.FileSystemPreferences checkLockFile0ErrorCode
2026-05-30 19:25:10,696 [ERROR] LogOutputStream:75 - [STDERR_REDIRECT] WARNING: Could not lock System prefs. Unix error code 2.
2026-05-30 19:25:10,696 [ERROR] LogOutputStream:75 - [STDERR_REDIRECT] 
2026-05-30 19:25:10,697 [ERROR] LogOutputStream:75 - [STDERR_REDIRECT] May 30, 2026 7:25:10 PM java.util.prefs.FileSystemPreferences syncWorld
2026-05-30 19:25:10,697 [ERROR] LogOutputStream:75 - [STDERR_REDIRECT] WARNING: Couldn't flush system prefs: java.util.prefs.BackingStoreException: Couldn't get file lock.
2026-05-30 19:25:10,698 [ERROR] LogOutputStream:75 - [STDERR_REDIRECT] 
2026-05-30 19:25:40,680 [ERROR] LogOutputStream:75 - [STDERR_REDIRECT] May 30, 2026 7:25:40 PM java.util.prefs.FileSystemPreferences checkLockFile0ErrorCode
2026-05-30 19:25:40,680 [ERROR] LogOutputStream:75 - [STDERR_REDIRECT] WARNING: Could not lock System prefs. Unix error code 2.
2026-05-30 19:25:40,680 [ERROR] LogOutputStream:75 - [STDERR_REDIRECT] 
2026-05-30 19:25:40,681 [ERROR] LogOutputStream:75 - [STDERR_REDIRECT] May 30, 2026 7:25:40 PM java.util.prefs.FileSystemPreferences syncWorld
2026-05-30 19:25:40,681 [ERROR] LogOutputStream:75 - [STDERR_REDIRECT] WARNING: Couldn't flush system prefs: java.util.prefs.BackingStoreException: Couldn't get file lock.
2026-05-30 19:25:40,681 [ERROR] LogOutputStream:75 - [STDERR_REDIRECT] 
2026-05-30 19:25:54,015 [ERROR] LogOutputStream:75 - [STDERR_REDIRECT] 
2026-05-30 19:25:54,016 [ERROR] LogOutputStream:75 - [STDERR_REDIRECT] 
