2026-05-29 22:17:57,625 [INFO] Activator:176 - 


2026-05-29 22:17:57,633 [INFO] Activator:177 - !SESSION log4j initialized
2026-05-29 22:18:07,347 [INFO] LogOutputStream:77 - [STDOUT_REDIRECT] 
2026-05-29 22:18:09,734 [ERROR] LogOutputStream:75 - [STDERR_REDIRECT] java.net.URISyntaxException: Illegal character in path at index 37: file:/home/animesh/Documents/Embedded System/Embedded-C/My_Workspace/Host/.metadata/.log4j2.xml
2026-05-29 22:18:09,735 [ERROR] LogOutputStream:75 - [STDERR_REDIRECT] 	at java.base/java.net.URI$Parser.fail(URI.java:2995)
2026-05-29 22:18:09,735 [ERROR] LogOutputStream:75 - [STDERR_REDIRECT] 	at java.base/java.net.URI$Parser.checkChars(URI.java:3166)
2026-05-29 22:18:09,737 [ERROR] LogOutputStream:75 - [STDERR_REDIRECT] 	at java.base/java.net.URI$Parser.parseHierarchical(URI.java:3248)
2026-05-29 22:18:09,740 [ERROR] LogOutputStream:75 - [STDERR_REDIRECT] 	at java.base/java.net.URI$Parser.parse(URI.java:3196)
2026-05-29 22:18:09,745 [ERROR] LogOutputStream:75 - [STDERR_REDIRECT] 	at java.base/java.net.URI.<init>(URI.java:645)
2026-05-29 22:18:09,746 [ERROR] LogOutputStream:75 - [STDERR_REDIRECT] 	at java.base/java.net.URL.toURI(URL.java:1220)
2026-05-29 22:18:09,756 [ERROR] LogOutputStream:75 - [STDERR_REDIRECT] 	at com.st.stm32cube.common.mx.core.CubeMxInstance.getInstance(CubeMxInstance.java:81)
2026-05-29 22:18:09,757 [ERROR] LogOutputStream:75 - [STDERR_REDIRECT] 	at com.st.stm32cube.common.mx.userauth.UserAuthAdapter.<init>(UserAuthAdapter.java:25)
2026-05-29 22:18:09,757 [ERROR] LogOutputStream:75 - [STDERR_REDIRECT] 	at com.st.stm32cube.common.mx.userauth.UserAuthProvider.getUserAuthAdapter(UserAuthProvider.java:16)
2026-05-29 22:18:09,761 [ERROR] LogOutputStream:75 - [STDERR_REDIRECT] 	at com.st.stm32cube.common.ecosystemintegration.ui.core.MCUEcoSystemIntegrationUiHelper.getUserAuth(MCUEcoSystemIntegrationUiHelper.java:100)
2026-05-29 22:18:09,764 [ERROR] LogOutputStream:75 - [STDERR_REDIRECT] 	at com.st.stm32cube.ide.mcu.userauth.UserAuthStartup.earlyStartup(UserAuthStartup.java:32)
2026-05-29 22:18:09,765 [ERROR] LogOutputStream:75 - [STDERR_REDIRECT] 	at org.eclipse.ui.internal.EarlyStartupRunnable.runEarlyStartup(EarlyStartupRunnable.java:79)
2026-05-29 22:18:09,767 [ERROR] LogOutputStream:75 - [STDERR_REDIRECT] 	at org.eclipse.ui.internal.EarlyStartupRunnable.run(EarlyStartupRunnable.java:55)
2026-05-29 22:18:09,768 [ERROR] LogOutputStream:75 - [STDERR_REDIRECT] 	at org.eclipse.core.runtime.SafeRunner.run(SafeRunner.java:47)
2026-05-29 22:18:09,768 [ERROR] LogOutputStream:75 - [STDERR_REDIRECT] 	at org.eclipse.ui.internal.Workbench$39.run(Workbench.java:2733)
2026-05-29 22:18:09,769 [ERROR] LogOutputStream:75 - [STDERR_REDIRECT] 	at org.eclipse.core.internal.jobs.Worker.run(Worker.java:63)
2026-05-29 22:18:21,266 [ERROR] LogOutputStream:75 - [STDERR_REDIRECT] May 29, 2026 10:18:21 PM java.util.prefs.FileSystemPreferences$2 run
2026-05-29 22:18:21,267 [ERROR] LogOutputStream:75 - [STDERR_REDIRECT] WARNING: Could not create system preferences directory. System preferences are unusable.
2026-05-29 22:18:21,267 [ERROR] LogOutputStream:75 - [STDERR_REDIRECT] 
2026-05-29 22:18:25,140 [INFO] LogOutputStream:77 - [STDOUT_REDIRECT] 1 : Invalid condition id : UX_CORESTACK_Condition cause : null
2026-05-29 22:18:25,142 [INFO] LogOutputStream:77 - [STDOUT_REDIRECT] 1 : Invalid condition id : UX_CORESTACK_Condition cause : null
2026-05-29 22:18:25,142 [INFO] LogOutputStream:77 - [STDOUT_REDIRECT] 1 : Invalid condition id : UX_CORESTACK_Condition cause : null
2026-05-29 22:18:25,142 [INFO] LogOutputStream:77 - [STDOUT_REDIRECT] 1 : Invalid condition id : UX_CORESTACK_Condition cause : null
2026-05-29 22:18:25,143 [INFO] LogOutputStream:77 - [STDOUT_REDIRECT] 1 : Invalid condition id : UX_CORESTACK_Condition cause : null
2026-05-29 22:18:28,131 [ERROR] LogOutputStream:75 - [STDERR_REDIRECT] May 29, 2026 10:18:28 PM java.util.prefs.FileSystemPreferences checkLockFile0ErrorCode
2026-05-29 22:18:28,134 [ERROR] LogOutputStream:75 - [STDERR_REDIRECT] WARNING: Could not lock System prefs. Unix error code 2.
2026-05-29 22:18:28,135 [ERROR] LogOutputStream:75 - [STDERR_REDIRECT] 
2026-05-29 22:18:28,137 [ERROR] LogOutputStream:75 - [STDERR_REDIRECT] May 29, 2026 10:18:28 PM java.util.prefs.FileSystemPreferences syncWorld
2026-05-29 22:18:28,137 [ERROR] LogOutputStream:75 - [STDERR_REDIRECT] WARNING: Couldn't flush system prefs: java.util.prefs.BackingStoreException: Couldn't get file lock.
2026-05-29 22:18:28,138 [ERROR] LogOutputStream:75 - [STDERR_REDIRECT] 
2026-05-29 22:18:54,415 [ERROR] LogOutputStream:75 - [STDERR_REDIRECT] 
2026-05-29 22:18:54,421 [ERROR] LogOutputStream:75 - [STDERR_REDIRECT] 
2026-05-29 22:47:20,086 [INFO] Activator:176 - 


2026-05-29 22:47:20,089 [INFO] Activator:177 - !SESSION log4j initialized
2026-05-29 22:47:24,497 [INFO] LogOutputStream:77 - [STDOUT_REDIRECT] 
2026-05-29 22:47:25,874 [ERROR] LogOutputStream:75 - [STDERR_REDIRECT] java.net.URISyntaxException: Illegal character in path at index 37: file:/home/animesh/Documents/Embedded System/Embedded-C/My_Workspace/Host/.metadata/.log4j2.xml
2026-05-29 22:47:25,874 [ERROR] LogOutputStream:75 - [STDERR_REDIRECT] 	at java.base/java.net.URI$Parser.fail(URI.java:2995)
2026-05-29 22:47:25,875 [ERROR] LogOutputStream:75 - [STDERR_REDIRECT] 	at java.base/java.net.URI$Parser.checkChars(URI.java:3166)
2026-05-29 22:47:25,875 [ERROR] LogOutputStream:75 - [STDERR_REDIRECT] 	at java.base/java.net.URI$Parser.parseHierarchical(URI.java:3248)
2026-05-29 22:47:25,875 [ERROR] LogOutputStream:75 - [STDERR_REDIRECT] 	at java.base/java.net.URI$Parser.parse(URI.java:3196)
2026-05-29 22:47:25,880 [ERROR] LogOutputStream:75 - [STDERR_REDIRECT] 	at java.base/java.net.URI.<init>(URI.java:645)
2026-05-29 22:47:25,881 [ERROR] LogOutputStream:75 - [STDERR_REDIRECT] 	at java.base/java.net.URL.toURI(URL.java:1220)
2026-05-29 22:47:25,881 [ERROR] LogOutputStream:75 - [STDERR_REDIRECT] 	at com.st.stm32cube.common.mx.core.CubeMxInstance.getInstance(CubeMxInstance.java:81)
2026-05-29 22:47:25,882 [ERROR] LogOutputStream:75 - [STDERR_REDIRECT] 	at com.st.stm32cube.common.mx.userauth.UserAuthAdapter.<init>(UserAuthAdapter.java:25)
2026-05-29 22:47:25,882 [ERROR] LogOutputStream:75 - [STDERR_REDIRECT] 	at com.st.stm32cube.common.mx.userauth.UserAuthProvider.getUserAuthAdapter(UserAuthProvider.java:16)
2026-05-29 22:47:25,882 [ERROR] LogOutputStream:75 - [STDERR_REDIRECT] 	at com.st.stm32cube.common.ecosystemintegration.ui.core.MCUEcoSystemIntegrationUiHelper.getUserAuth(MCUEcoSystemIntegrationUiHelper.java:100)
2026-05-29 22:47:25,883 [ERROR] LogOutputStream:75 - [STDERR_REDIRECT] 	at com.st.stm32cube.ide.mcu.userauth.UserAuthStartup.earlyStartup(UserAuthStartup.java:32)
2026-05-29 22:47:25,883 [ERROR] LogOutputStream:75 - [STDERR_REDIRECT] 	at org.eclipse.ui.internal.EarlyStartupRunnable.runEarlyStartup(EarlyStartupRunnable.java:79)
2026-05-29 22:47:25,890 [ERROR] LogOutputStream:75 - [STDERR_REDIRECT] 	at org.eclipse.ui.internal.EarlyStartupRunnable.run(EarlyStartupRunnable.java:55)
2026-05-29 22:47:25,891 [ERROR] LogOutputStream:75 - [STDERR_REDIRECT] 	at org.eclipse.core.runtime.SafeRunner.run(SafeRunner.java:47)
2026-05-29 22:47:25,896 [ERROR] LogOutputStream:75 - [STDERR_REDIRECT] 	at org.eclipse.ui.internal.Workbench$39.run(Workbench.java:2733)
2026-05-29 22:47:25,896 [ERROR] LogOutputStream:75 - [STDERR_REDIRECT] 	at org.eclipse.core.internal.jobs.Worker.run(Worker.java:63)
2026-05-29 22:47:37,252 [ERROR] LogOutputStream:75 - [STDERR_REDIRECT] May 29, 2026 10:47:37 PM java.util.prefs.FileSystemPreferences$2 run
2026-05-29 22:47:37,252 [ERROR] LogOutputStream:75 - [STDERR_REDIRECT] WARNING: Could not create system preferences directory. System preferences are unusable.
2026-05-29 22:47:37,252 [ERROR] LogOutputStream:75 - [STDERR_REDIRECT] 
2026-05-29 22:47:41,355 [INFO] LogOutputStream:77 - [STDOUT_REDIRECT] 1 : Invalid condition id : UX_CORESTACK_Condition cause : null
2026-05-29 22:47:41,358 [INFO] LogOutputStream:77 - [STDOUT_REDIRECT] 1 : Invalid condition id : UX_CORESTACK_Condition cause : null
2026-05-29 22:47:41,360 [INFO] LogOutputStream:77 - [STDOUT_REDIRECT] 1 : Invalid condition id : UX_CORESTACK_Condition cause : null
2026-05-29 22:47:41,361 [INFO] LogOutputStream:77 - [STDOUT_REDIRECT] 1 : Invalid condition id : UX_CORESTACK_Condition cause : null
2026-05-29 22:47:41,364 [INFO] LogOutputStream:77 - [STDOUT_REDIRECT] 1 : Invalid condition id : UX_CORESTACK_Condition cause : null
2026-05-29 22:47:52,761 [ERROR] LogOutputStream:75 - [STDERR_REDIRECT] May 29, 2026 10:47:52 PM java.util.prefs.FileSystemPreferences checkLockFile0ErrorCode
2026-05-29 22:47:52,765 [ERROR] LogOutputStream:75 - [STDERR_REDIRECT] WARNING: Could not lock System prefs. Unix error code 2.
2026-05-29 22:47:52,766 [ERROR] LogOutputStream:75 - [STDERR_REDIRECT] 
2026-05-29 22:47:52,770 [ERROR] LogOutputStream:75 - [STDERR_REDIRECT] May 29, 2026 10:47:52 PM java.util.prefs.FileSystemPreferences syncWorld
2026-05-29 22:47:52,771 [ERROR] LogOutputStream:75 - [STDERR_REDIRECT] WARNING: Couldn't flush system prefs: java.util.prefs.BackingStoreException: Couldn't get file lock.
2026-05-29 22:47:52,771 [ERROR] LogOutputStream:75 - [STDERR_REDIRECT] 
2026-05-29 22:48:22,776 [ERROR] LogOutputStream:75 - [STDERR_REDIRECT] May 29, 2026 10:48:22 PM java.util.prefs.FileSystemPreferences checkLockFile0ErrorCode
2026-05-29 22:48:22,777 [ERROR] LogOutputStream:75 - [STDERR_REDIRECT] WARNING: Could not lock System prefs. Unix error code 2.
2026-05-29 22:48:22,777 [ERROR] LogOutputStream:75 - [STDERR_REDIRECT] 
2026-05-29 22:48:22,778 [ERROR] LogOutputStream:75 - [STDERR_REDIRECT] May 29, 2026 10:48:22 PM java.util.prefs.FileSystemPreferences syncWorld
2026-05-29 22:48:22,779 [ERROR] LogOutputStream:75 - [STDERR_REDIRECT] WARNING: Couldn't flush system prefs: java.util.prefs.BackingStoreException: Couldn't get file lock.
2026-05-29 22:48:22,779 [ERROR] LogOutputStream:75 - [STDERR_REDIRECT] 
2026-05-29 22:48:52,748 [ERROR] LogOutputStream:75 - [STDERR_REDIRECT] May 29, 2026 10:48:52 PM java.util.prefs.FileSystemPreferences checkLockFile0ErrorCode
2026-05-29 22:48:52,749 [ERROR] LogOutputStream:75 - [STDERR_REDIRECT] WARNING: Could not lock System prefs. Unix error code 2.
2026-05-29 22:48:52,750 [ERROR] LogOutputStream:75 - [STDERR_REDIRECT] 
2026-05-29 22:48:52,751 [ERROR] LogOutputStream:75 - [STDERR_REDIRECT] May 29, 2026 10:48:52 PM java.util.prefs.FileSystemPreferences syncWorld
2026-05-29 22:48:52,751 [ERROR] LogOutputStream:75 - [STDERR_REDIRECT] WARNING: Couldn't flush system prefs: java.util.prefs.BackingStoreException: Couldn't get file lock.
2026-05-29 22:48:52,751 [ERROR] LogOutputStream:75 - [STDERR_REDIRECT] 
2026-05-29 22:49:22,744 [ERROR] LogOutputStream:75 - [STDERR_REDIRECT] May 29, 2026 10:49:22 PM java.util.prefs.FileSystemPreferences checkLockFile0ErrorCode
2026-05-29 22:49:22,745 [ERROR] LogOutputStream:75 - [STDERR_REDIRECT] WARNING: Could not lock System prefs. Unix error code 2.
2026-05-29 22:49:22,756 [ERROR] LogOutputStream:75 - [STDERR_REDIRECT] 
2026-05-29 22:49:22,758 [ERROR] LogOutputStream:75 - [STDERR_REDIRECT] May 29, 2026 10:49:22 PM java.util.prefs.FileSystemPreferences syncWorld
2026-05-29 22:49:22,758 [ERROR] LogOutputStream:75 - [STDERR_REDIRECT] WARNING: Couldn't flush system prefs: java.util.prefs.BackingStoreException: Couldn't get file lock.
2026-05-29 22:49:22,758 [ERROR] LogOutputStream:75 - [STDERR_REDIRECT] 
2026-05-29 22:49:52,748 [ERROR] LogOutputStream:75 - [STDERR_REDIRECT] May 29, 2026 10:49:52 PM java.util.prefs.FileSystemPreferences checkLockFile0ErrorCode
2026-05-29 22:49:52,749 [ERROR] LogOutputStream:75 - [STDERR_REDIRECT] WARNING: Could not lock System prefs. Unix error code 2.
2026-05-29 22:49:52,750 [ERROR] LogOutputStream:75 - [STDERR_REDIRECT] 
2026-05-29 22:49:52,752 [ERROR] LogOutputStream:75 - [STDERR_REDIRECT] May 29, 2026 10:49:52 PM java.util.prefs.FileSystemPreferences syncWorld
2026-05-29 22:49:52,753 [ERROR] LogOutputStream:75 - [STDERR_REDIRECT] WARNING: Couldn't flush system prefs: java.util.prefs.BackingStoreException: Couldn't get file lock.
2026-05-29 22:49:52,755 [ERROR] LogOutputStream:75 - [STDERR_REDIRECT] 
2026-05-29 22:50:22,746 [ERROR] LogOutputStream:75 - [STDERR_REDIRECT] May 29, 2026 10:50:22 PM java.util.prefs.FileSystemPreferences checkLockFile0ErrorCode
2026-05-29 22:50:22,747 [ERROR] LogOutputStream:75 - [STDERR_REDIRECT] WARNING: Could not lock System prefs. Unix error code 2.
2026-05-29 22:50:22,747 [ERROR] LogOutputStream:75 - [STDERR_REDIRECT] 
2026-05-29 22:50:22,747 [ERROR] LogOutputStream:75 - [STDERR_REDIRECT] May 29, 2026 10:50:22 PM java.util.prefs.FileSystemPreferences syncWorld
2026-05-29 22:50:22,747 [ERROR] LogOutputStream:75 - [STDERR_REDIRECT] WARNING: Couldn't flush system prefs: java.util.prefs.BackingStoreException: Couldn't get file lock.
2026-05-29 22:50:22,753 [ERROR] LogOutputStream:75 - [STDERR_REDIRECT] 
2026-05-29 22:50:52,745 [ERROR] LogOutputStream:75 - [STDERR_REDIRECT] May 29, 2026 10:50:52 PM java.util.prefs.FileSystemPreferences checkLockFile0ErrorCode
2026-05-29 22:50:52,746 [ERROR] LogOutputStream:75 - [STDERR_REDIRECT] WARNING: Could not lock System prefs. Unix error code 2.
2026-05-29 22:50:52,746 [ERROR] LogOutputStream:75 - [STDERR_REDIRECT] 
2026-05-29 22:50:52,747 [ERROR] LogOutputStream:75 - [STDERR_REDIRECT] May 29, 2026 10:50:52 PM java.util.prefs.FileSystemPreferences syncWorld
2026-05-29 22:50:52,747 [ERROR] LogOutputStream:75 - [STDERR_REDIRECT] WARNING: Couldn't flush system prefs: java.util.prefs.BackingStoreException: Couldn't get file lock.
2026-05-29 22:50:52,747 [ERROR] LogOutputStream:75 - [STDERR_REDIRECT] 
2026-05-29 22:51:22,745 [ERROR] LogOutputStream:75 - [STDERR_REDIRECT] May 29, 2026 10:51:22 PM java.util.prefs.FileSystemPreferences checkLockFile0ErrorCode
2026-05-29 22:51:22,746 [ERROR] LogOutputStream:75 - [STDERR_REDIRECT] WARNING: Could not lock System prefs. Unix error code 2.
2026-05-29 22:51:22,746 [ERROR] LogOutputStream:75 - [STDERR_REDIRECT] 
2026-05-29 22:51:22,747 [ERROR] LogOutputStream:75 - [STDERR_REDIRECT] May 29, 2026 10:51:22 PM java.util.prefs.FileSystemPreferences syncWorld
2026-05-29 22:51:22,747 [ERROR] LogOutputStream:75 - [STDERR_REDIRECT] WARNING: Couldn't flush system prefs: java.util.prefs.BackingStoreException: Couldn't get file lock.
2026-05-29 22:51:22,747 [ERROR] LogOutputStream:75 - [STDERR_REDIRECT] 
2026-05-29 22:51:52,745 [ERROR] LogOutputStream:75 - [STDERR_REDIRECT] May 29, 2026 10:51:52 PM java.util.prefs.FileSystemPreferences checkLockFile0ErrorCode
2026-05-29 22:51:52,745 [ERROR] LogOutputStream:75 - [STDERR_REDIRECT] WARNING: Could not lock System prefs. Unix error code 2.
2026-05-29 22:51:52,745 [ERROR] LogOutputStream:75 - [STDERR_REDIRECT] 
2026-05-29 22:51:52,746 [ERROR] LogOutputStream:75 - [STDERR_REDIRECT] May 29, 2026 10:51:52 PM java.util.prefs.FileSystemPreferences syncWorld
2026-05-29 22:51:52,747 [ERROR] LogOutputStream:75 - [STDERR_REDIRECT] WARNING: Couldn't flush system prefs: java.util.prefs.BackingStoreException: Couldn't get file lock.
2026-05-29 22:51:52,747 [ERROR] LogOutputStream:75 - [STDERR_REDIRECT] 
2026-05-29 22:52:22,746 [ERROR] LogOutputStream:75 - [STDERR_REDIRECT] May 29, 2026 10:52:22 PM java.util.prefs.FileSystemPreferences checkLockFile0ErrorCode
2026-05-29 22:52:22,747 [ERROR] LogOutputStream:75 - [STDERR_REDIRECT] WARNING: Could not lock System prefs. Unix error code 2.
2026-05-29 22:52:22,747 [ERROR] LogOutputStream:75 - [STDERR_REDIRECT] 
2026-05-29 22:52:22,751 [ERROR] LogOutputStream:75 - [STDERR_REDIRECT] May 29, 2026 10:52:22 PM java.util.prefs.FileSystemPreferences syncWorld
2026-05-29 22:52:22,752 [ERROR] LogOutputStream:75 - [STDERR_REDIRECT] WARNING: Couldn't flush system prefs: java.util.prefs.BackingStoreException: Couldn't get file lock.
2026-05-29 22:52:22,752 [ERROR] LogOutputStream:75 - [STDERR_REDIRECT] 
2026-05-29 22:52:52,745 [ERROR] LogOutputStream:75 - [STDERR_REDIRECT] May 29, 2026 10:52:52 PM java.util.prefs.FileSystemPreferences checkLockFile0ErrorCode
2026-05-29 22:52:52,746 [ERROR] LogOutputStream:75 - [STDERR_REDIRECT] WARNING: Could not lock System prefs. Unix error code 2.
2026-05-29 22:52:52,746 [ERROR] LogOutputStream:75 - [STDERR_REDIRECT] 
2026-05-29 22:52:52,747 [ERROR] LogOutputStream:75 - [STDERR_REDIRECT] May 29, 2026 10:52:52 PM java.util.prefs.FileSystemPreferences syncWorld
2026-05-29 22:52:52,748 [ERROR] LogOutputStream:75 - [STDERR_REDIRECT] WARNING: Couldn't flush system prefs: java.util.prefs.BackingStoreException: Couldn't get file lock.
2026-05-29 22:52:52,749 [ERROR] LogOutputStream:75 - [STDERR_REDIRECT] 
2026-05-29 22:53:22,748 [ERROR] LogOutputStream:75 - [STDERR_REDIRECT] May 29, 2026 10:53:22 PM java.util.prefs.FileSystemPreferences checkLockFile0ErrorCode
2026-05-29 22:53:22,749 [ERROR] LogOutputStream:75 - [STDERR_REDIRECT] WARNING: Could not lock System prefs. Unix error code 2.
2026-05-29 22:53:22,750 [ERROR] LogOutputStream:75 - [STDERR_REDIRECT] 
2026-05-29 22:53:22,751 [ERROR] LogOutputStream:75 - [STDERR_REDIRECT] May 29, 2026 10:53:22 PM java.util.prefs.FileSystemPreferences syncWorld
2026-05-29 22:53:22,753 [ERROR] LogOutputStream:75 - [STDERR_REDIRECT] WARNING: Couldn't flush system prefs: java.util.prefs.BackingStoreException: Couldn't get file lock.
2026-05-29 22:53:22,753 [ERROR] LogOutputStream:75 - [STDERR_REDIRECT] 
2026-05-29 22:53:52,746 [ERROR] LogOutputStream:75 - [STDERR_REDIRECT] May 29, 2026 10:53:52 PM java.util.prefs.FileSystemPreferences checkLockFile0ErrorCode
2026-05-29 22:53:52,747 [ERROR] LogOutputStream:75 - [STDERR_REDIRECT] WARNING: Could not lock System prefs. Unix error code 2.
2026-05-29 22:53:52,747 [ERROR] LogOutputStream:75 - [STDERR_REDIRECT] 
2026-05-29 22:53:52,748 [ERROR] LogOutputStream:75 - [STDERR_REDIRECT] May 29, 2026 10:53:52 PM java.util.prefs.FileSystemPreferences syncWorld
2026-05-29 22:53:52,748 [ERROR] LogOutputStream:75 - [STDERR_REDIRECT] WARNING: Couldn't flush system prefs: java.util.prefs.BackingStoreException: Couldn't get file lock.
2026-05-29 22:53:52,749 [ERROR] LogOutputStream:75 - [STDERR_REDIRECT] 
2026-05-29 22:54:22,746 [ERROR] LogOutputStream:75 - [STDERR_REDIRECT] May 29, 2026 10:54:22 PM java.util.prefs.FileSystemPreferences checkLockFile0ErrorCode
2026-05-29 22:54:22,746 [ERROR] LogOutputStream:75 - [STDERR_REDIRECT] WARNING: Could not lock System prefs. Unix error code 2.
2026-05-29 22:54:22,747 [ERROR] LogOutputStream:75 - [STDERR_REDIRECT] 
2026-05-29 22:54:22,748 [ERROR] LogOutputStream:75 - [STDERR_REDIRECT] May 29, 2026 10:54:22 PM java.util.prefs.FileSystemPreferences syncWorld
2026-05-29 22:54:22,748 [ERROR] LogOutputStream:75 - [STDERR_REDIRECT] WARNING: Couldn't flush system prefs: java.util.prefs.BackingStoreException: Couldn't get file lock.
2026-05-29 22:54:22,748 [ERROR] LogOutputStream:75 - [STDERR_REDIRECT] 
2026-05-29 22:54:52,748 [ERROR] LogOutputStream:75 - [STDERR_REDIRECT] May 29, 2026 10:54:52 PM java.util.prefs.FileSystemPreferences checkLockFile0ErrorCode
2026-05-29 22:54:52,748 [ERROR] LogOutputStream:75 - [STDERR_REDIRECT] WARNING: Could not lock System prefs. Unix error code 2.
2026-05-29 22:54:52,749 [ERROR] LogOutputStream:75 - [STDERR_REDIRECT] 
2026-05-29 22:54:52,749 [ERROR] LogOutputStream:75 - [STDERR_REDIRECT] May 29, 2026 10:54:52 PM java.util.prefs.FileSystemPreferences syncWorld
2026-05-29 22:54:52,749 [ERROR] LogOutputStream:75 - [STDERR_REDIRECT] WARNING: Couldn't flush system prefs: java.util.prefs.BackingStoreException: Couldn't get file lock.
2026-05-29 22:54:52,750 [ERROR] LogOutputStream:75 - [STDERR_REDIRECT] 
2026-05-29 22:55:22,747 [ERROR] LogOutputStream:75 - [STDERR_REDIRECT] May 29, 2026 10:55:22 PM java.util.prefs.FileSystemPreferences checkLockFile0ErrorCode
2026-05-29 22:55:22,748 [ERROR] LogOutputStream:75 - [STDERR_REDIRECT] WARNING: Could not lock System prefs. Unix error code 2.
2026-05-29 22:55:22,749 [ERROR] LogOutputStream:75 - [STDERR_REDIRECT] 
2026-05-29 22:55:22,751 [ERROR] LogOutputStream:75 - [STDERR_REDIRECT] May 29, 2026 10:55:22 PM java.util.prefs.FileSystemPreferences syncWorld
2026-05-29 22:55:22,752 [ERROR] LogOutputStream:75 - [STDERR_REDIRECT] WARNING: Couldn't flush system prefs: java.util.prefs.BackingStoreException: Couldn't get file lock.
2026-05-29 22:55:22,752 [ERROR] LogOutputStream:75 - [STDERR_REDIRECT] 
2026-05-29 22:55:52,748 [ERROR] LogOutputStream:75 - [STDERR_REDIRECT] May 29, 2026 10:55:52 PM java.util.prefs.FileSystemPreferences checkLockFile0ErrorCode
2026-05-29 22:55:52,780 [ERROR] LogOutputStream:75 - [STDERR_REDIRECT] WARNING: Could not lock System prefs. Unix error code 2.
2026-05-29 22:55:52,780 [ERROR] LogOutputStream:75 - [STDERR_REDIRECT] 
2026-05-29 22:55:52,781 [ERROR] LogOutputStream:75 - [STDERR_REDIRECT] May 29, 2026 10:55:52 PM java.util.prefs.FileSystemPreferences syncWorld
2026-05-29 22:55:52,781 [ERROR] LogOutputStream:75 - [STDERR_REDIRECT] WARNING: Couldn't flush system prefs: java.util.prefs.BackingStoreException: Couldn't get file lock.
2026-05-29 22:55:52,781 [ERROR] LogOutputStream:75 - [STDERR_REDIRECT] 
2026-05-29 22:56:22,748 [ERROR] LogOutputStream:75 - [STDERR_REDIRECT] May 29, 2026 10:56:22 PM java.util.prefs.FileSystemPreferences checkLockFile0ErrorCode
2026-05-29 22:56:22,749 [ERROR] LogOutputStream:75 - [STDERR_REDIRECT] WARNING: Could not lock System prefs. Unix error code 2.
2026-05-29 22:56:22,750 [ERROR] LogOutputStream:75 - [STDERR_REDIRECT] 
2026-05-29 22:56:22,755 [ERROR] LogOutputStream:75 - [STDERR_REDIRECT] May 29, 2026 10:56:22 PM java.util.prefs.FileSystemPreferences syncWorld
2026-05-29 22:56:22,755 [ERROR] LogOutputStream:75 - [STDERR_REDIRECT] WARNING: Couldn't flush system prefs: java.util.prefs.BackingStoreException: Couldn't get file lock.
2026-05-29 22:56:22,756 [ERROR] LogOutputStream:75 - [STDERR_REDIRECT] 
2026-05-29 22:56:52,751 [ERROR] LogOutputStream:75 - [STDERR_REDIRECT] May 29, 2026 10:56:52 PM java.util.prefs.FileSystemPreferences checkLockFile0ErrorCode
2026-05-29 22:56:52,755 [ERROR] LogOutputStream:75 - [STDERR_REDIRECT] WARNING: Could not lock System prefs. Unix error code 2.
2026-05-29 22:56:52,756 [ERROR] LogOutputStream:75 - [STDERR_REDIRECT] 
2026-05-29 22:56:52,757 [ERROR] LogOutputStream:75 - [STDERR_REDIRECT] May 29, 2026 10:56:52 PM java.util.prefs.FileSystemPreferences syncWorld
2026-05-29 22:56:52,758 [ERROR] LogOutputStream:75 - [STDERR_REDIRECT] WARNING: Couldn't flush system prefs: java.util.prefs.BackingStoreException: Couldn't get file lock.
2026-05-29 22:56:52,758 [ERROR] LogOutputStream:75 - [STDERR_REDIRECT] 
2026-05-29 22:57:22,746 [ERROR] LogOutputStream:75 - [STDERR_REDIRECT] May 29, 2026 10:57:22 PM java.util.prefs.FileSystemPreferences checkLockFile0ErrorCode
2026-05-29 22:57:22,747 [ERROR] LogOutputStream:75 - [STDERR_REDIRECT] WARNING: Could not lock System prefs. Unix error code 2.
2026-05-29 22:57:22,747 [ERROR] LogOutputStream:75 - [STDERR_REDIRECT] 
2026-05-29 22:57:22,750 [ERROR] LogOutputStream:75 - [STDERR_REDIRECT] May 29, 2026 10:57:22 PM java.util.prefs.FileSystemPreferences syncWorld
2026-05-29 22:57:22,750 [ERROR] LogOutputStream:75 - [STDERR_REDIRECT] WARNING: Couldn't flush system prefs: java.util.prefs.BackingStoreException: Couldn't get file lock.
2026-05-29 22:57:22,750 [ERROR] LogOutputStream:75 - [STDERR_REDIRECT] 
2026-05-29 22:57:52,749 [ERROR] LogOutputStream:75 - [STDERR_REDIRECT] May 29, 2026 10:57:52 PM java.util.prefs.FileSystemPreferences checkLockFile0ErrorCode
2026-05-29 22:57:52,750 [ERROR] LogOutputStream:75 - [STDERR_REDIRECT] WARNING: Could not lock System prefs. Unix error code 2.
2026-05-29 22:57:52,750 [ERROR] LogOutputStream:75 - [STDERR_REDIRECT] 
2026-05-29 22:57:52,751 [ERROR] LogOutputStream:75 - [STDERR_REDIRECT] May 29, 2026 10:57:52 PM java.util.prefs.FileSystemPreferences syncWorld
2026-05-29 22:57:52,752 [ERROR] LogOutputStream:75 - [STDERR_REDIRECT] WARNING: Couldn't flush system prefs: java.util.prefs.BackingStoreException: Couldn't get file lock.
2026-05-29 22:57:52,752 [ERROR] LogOutputStream:75 - [STDERR_REDIRECT] 
2026-05-29 22:58:22,749 [ERROR] LogOutputStream:75 - [STDERR_REDIRECT] May 29, 2026 10:58:22 PM java.util.prefs.FileSystemPreferences checkLockFile0ErrorCode
2026-05-29 22:58:22,750 [ERROR] LogOutputStream:75 - [STDERR_REDIRECT] WARNING: Could not lock System prefs. Unix error code 2.
2026-05-29 22:58:22,750 [ERROR] LogOutputStream:75 - [STDERR_REDIRECT] 
2026-05-29 22:58:22,750 [ERROR] LogOutputStream:75 - [STDERR_REDIRECT] May 29, 2026 10:58:22 PM java.util.prefs.FileSystemPreferences syncWorld
2026-05-29 22:58:22,750 [ERROR] LogOutputStream:75 - [STDERR_REDIRECT] WARNING: Couldn't flush system prefs: java.util.prefs.BackingStoreException: Couldn't get file lock.
2026-05-29 22:58:22,751 [ERROR] LogOutputStream:75 - [STDERR_REDIRECT] 
2026-05-29 22:58:52,750 [ERROR] LogOutputStream:75 - [STDERR_REDIRECT] May 29, 2026 10:58:52 PM java.util.prefs.FileSystemPreferences checkLockFile0ErrorCode
2026-05-29 22:58:52,751 [ERROR] LogOutputStream:75 - [STDERR_REDIRECT] WARNING: Could not lock System prefs. Unix error code 2.
2026-05-29 22:58:52,752 [ERROR] LogOutputStream:75 - [STDERR_REDIRECT] 
2026-05-29 22:58:52,753 [ERROR] LogOutputStream:75 - [STDERR_REDIRECT] May 29, 2026 10:58:52 PM java.util.prefs.FileSystemPreferences syncWorld
2026-05-29 22:58:52,754 [ERROR] LogOutputStream:75 - [STDERR_REDIRECT] WARNING: Couldn't flush system prefs: java.util.prefs.BackingStoreException: Couldn't get file lock.
2026-05-29 22:58:52,754 [ERROR] LogOutputStream:75 - [STDERR_REDIRECT] 
2026-05-29 22:59:22,751 [ERROR] LogOutputStream:75 - [STDERR_REDIRECT] May 29, 2026 10:59:22 PM java.util.prefs.FileSystemPreferences checkLockFile0ErrorCode
2026-05-29 22:59:22,751 [ERROR] LogOutputStream:75 - [STDERR_REDIRECT] WARNING: Could not lock System prefs. Unix error code 2.
2026-05-29 22:59:22,756 [ERROR] LogOutputStream:75 - [STDERR_REDIRECT] 
2026-05-29 22:59:22,757 [ERROR] LogOutputStream:75 - [STDERR_REDIRECT] May 29, 2026 10:59:22 PM java.util.prefs.FileSystemPreferences syncWorld
2026-05-29 22:59:22,758 [ERROR] LogOutputStream:75 - [STDERR_REDIRECT] WARNING: Couldn't flush system prefs: java.util.prefs.BackingStoreException: Couldn't get file lock.
2026-05-29 22:59:22,759 [ERROR] LogOutputStream:75 - [STDERR_REDIRECT] 
2026-05-29 22:59:52,751 [ERROR] LogOutputStream:75 - [STDERR_REDIRECT] May 29, 2026 10:59:52 PM java.util.prefs.FileSystemPreferences checkLockFile0ErrorCode
2026-05-29 22:59:52,752 [ERROR] LogOutputStream:75 - [STDERR_REDIRECT] WARNING: Could not lock System prefs. Unix error code 2.
2026-05-29 22:59:52,752 [ERROR] LogOutputStream:75 - [STDERR_REDIRECT] 
2026-05-29 22:59:52,753 [ERROR] LogOutputStream:75 - [STDERR_REDIRECT] May 29, 2026 10:59:52 PM java.util.prefs.FileSystemPreferences syncWorld
2026-05-29 22:59:52,754 [ERROR] LogOutputStream:75 - [STDERR_REDIRECT] WARNING: Couldn't flush system prefs: java.util.prefs.BackingStoreException: Couldn't get file lock.
2026-05-29 22:59:52,754 [ERROR] LogOutputStream:75 - [STDERR_REDIRECT] 
2026-05-29 23:00:22,751 [ERROR] LogOutputStream:75 - [STDERR_REDIRECT] May 29, 2026 11:00:22 PM java.util.prefs.FileSystemPreferences checkLockFile0ErrorCode
2026-05-29 23:00:22,751 [ERROR] LogOutputStream:75 - [STDERR_REDIRECT] WARNING: Could not lock System prefs. Unix error code 2.
2026-05-29 23:00:22,752 [ERROR] LogOutputStream:75 - [STDERR_REDIRECT] 
2026-05-29 23:00:22,753 [ERROR] LogOutputStream:75 - [STDERR_REDIRECT] May 29, 2026 11:00:22 PM java.util.prefs.FileSystemPreferences syncWorld
2026-05-29 23:00:22,754 [ERROR] LogOutputStream:75 - [STDERR_REDIRECT] WARNING: Couldn't flush system prefs: java.util.prefs.BackingStoreException: Couldn't get file lock.
2026-05-29 23:00:22,754 [ERROR] LogOutputStream:75 - [STDERR_REDIRECT] 
2026-05-29 23:00:52,751 [ERROR] LogOutputStream:75 - [STDERR_REDIRECT] May 29, 2026 11:00:52 PM java.util.prefs.FileSystemPreferences checkLockFile0ErrorCode
2026-05-29 23:00:52,753 [ERROR] LogOutputStream:75 - [STDERR_REDIRECT] WARNING: Could not lock System prefs. Unix error code 2.
2026-05-29 23:00:52,753 [ERROR] LogOutputStream:75 - [STDERR_REDIRECT] 
2026-05-29 23:00:52,755 [ERROR] LogOutputStream:75 - [STDERR_REDIRECT] May 29, 2026 11:00:52 PM java.util.prefs.FileSystemPreferences syncWorld
2026-05-29 23:00:52,756 [ERROR] LogOutputStream:75 - [STDERR_REDIRECT] WARNING: Couldn't flush system prefs: java.util.prefs.BackingStoreException: Couldn't get file lock.
2026-05-29 23:00:52,756 [ERROR] LogOutputStream:75 - [STDERR_REDIRECT] 
2026-05-29 23:01:22,756 [ERROR] LogOutputStream:75 - [STDERR_REDIRECT] May 29, 2026 11:01:22 PM java.util.prefs.FileSystemPreferences checkLockFile0ErrorCode
2026-05-29 23:01:22,757 [ERROR] LogOutputStream:75 - [STDERR_REDIRECT] WARNING: Could not lock System prefs. Unix error code 2.
2026-05-29 23:01:22,757 [ERROR] LogOutputStream:75 - [STDERR_REDIRECT] 
2026-05-29 23:01:22,759 [ERROR] LogOutputStream:75 - [STDERR_REDIRECT] May 29, 2026 11:01:22 PM java.util.prefs.FileSystemPreferences syncWorld
2026-05-29 23:01:22,759 [ERROR] LogOutputStream:75 - [STDERR_REDIRECT] WARNING: Couldn't flush system prefs: java.util.prefs.BackingStoreException: Couldn't get file lock.
2026-05-29 23:01:22,760 [ERROR] LogOutputStream:75 - [STDERR_REDIRECT] 
2026-05-29 23:01:52,752 [ERROR] LogOutputStream:75 - [STDERR_REDIRECT] May 29, 2026 11:01:52 PM java.util.prefs.FileSystemPreferences checkLockFile0ErrorCode
2026-05-29 23:01:52,753 [ERROR] LogOutputStream:75 - [STDERR_REDIRECT] WARNING: Could not lock System prefs. Unix error code 2.
2026-05-29 23:01:52,753 [ERROR] LogOutputStream:75 - [STDERR_REDIRECT] 
2026-05-29 23:01:52,754 [ERROR] LogOutputStream:75 - [STDERR_REDIRECT] May 29, 2026 11:01:52 PM java.util.prefs.FileSystemPreferences syncWorld
2026-05-29 23:01:52,755 [ERROR] LogOutputStream:75 - [STDERR_REDIRECT] WARNING: Couldn't flush system prefs: java.util.prefs.BackingStoreException: Couldn't get file lock.
2026-05-29 23:01:52,755 [ERROR] LogOutputStream:75 - [STDERR_REDIRECT] 
2026-05-29 23:02:22,752 [ERROR] LogOutputStream:75 - [STDERR_REDIRECT] May 29, 2026 11:02:22 PM java.util.prefs.FileSystemPreferences checkLockFile0ErrorCode
2026-05-29 23:02:22,754 [ERROR] LogOutputStream:75 - [STDERR_REDIRECT] WARNING: Could not lock System prefs. Unix error code 2.
2026-05-29 23:02:22,755 [ERROR] LogOutputStream:75 - [STDERR_REDIRECT] 
2026-05-29 23:02:22,756 [ERROR] LogOutputStream:75 - [STDERR_REDIRECT] May 29, 2026 11:02:22 PM java.util.prefs.FileSystemPreferences syncWorld
2026-05-29 23:02:22,757 [ERROR] LogOutputStream:75 - [STDERR_REDIRECT] WARNING: Couldn't flush system prefs: java.util.prefs.BackingStoreException: Couldn't get file lock.
2026-05-29 23:02:22,757 [ERROR] LogOutputStream:75 - [STDERR_REDIRECT] 
2026-05-29 23:02:52,751 [ERROR] LogOutputStream:75 - [STDERR_REDIRECT] May 29, 2026 11:02:52 PM java.util.prefs.FileSystemPreferences checkLockFile0ErrorCode
2026-05-29 23:02:52,752 [ERROR] LogOutputStream:75 - [STDERR_REDIRECT] WARNING: Could not lock System prefs. Unix error code 2.
2026-05-29 23:02:52,753 [ERROR] LogOutputStream:75 - [STDERR_REDIRECT] 
2026-05-29 23:02:52,754 [ERROR] LogOutputStream:75 - [STDERR_REDIRECT] May 29, 2026 11:02:52 PM java.util.prefs.FileSystemPreferences syncWorld
2026-05-29 23:02:52,754 [ERROR] LogOutputStream:75 - [STDERR_REDIRECT] WARNING: Couldn't flush system prefs: java.util.prefs.BackingStoreException: Couldn't get file lock.
2026-05-29 23:02:52,755 [ERROR] LogOutputStream:75 - [STDERR_REDIRECT] 
2026-05-29 23:03:22,751 [ERROR] LogOutputStream:75 - [STDERR_REDIRECT] May 29, 2026 11:03:22 PM java.util.prefs.FileSystemPreferences checkLockFile0ErrorCode
2026-05-29 23:03:22,754 [ERROR] LogOutputStream:75 - [STDERR_REDIRECT] WARNING: Could not lock System prefs. Unix error code 2.
2026-05-29 23:03:22,755 [ERROR] LogOutputStream:75 - [STDERR_REDIRECT] 
2026-05-29 23:03:22,756 [ERROR] LogOutputStream:75 - [STDERR_REDIRECT] May 29, 2026 11:03:22 PM java.util.prefs.FileSystemPreferences syncWorld
2026-05-29 23:03:22,756 [ERROR] LogOutputStream:75 - [STDERR_REDIRECT] WARNING: Couldn't flush system prefs: java.util.prefs.BackingStoreException: Couldn't get file lock.
2026-05-29 23:03:22,757 [ERROR] LogOutputStream:75 - [STDERR_REDIRECT] 
2026-05-29 23:03:52,752 [ERROR] LogOutputStream:75 - [STDERR_REDIRECT] May 29, 2026 11:03:52 PM java.util.prefs.FileSystemPreferences checkLockFile0ErrorCode
2026-05-29 23:03:52,753 [ERROR] LogOutputStream:75 - [STDERR_REDIRECT] WARNING: Could not lock System prefs. Unix error code 2.
2026-05-29 23:03:52,754 [ERROR] LogOutputStream:75 - [STDERR_REDIRECT] 
2026-05-29 23:03:52,755 [ERROR] LogOutputStream:75 - [STDERR_REDIRECT] May 29, 2026 11:03:52 PM java.util.prefs.FileSystemPreferences syncWorld
2026-05-29 23:03:52,755 [ERROR] LogOutputStream:75 - [STDERR_REDIRECT] WARNING: Couldn't flush system prefs: java.util.prefs.BackingStoreException: Couldn't get file lock.
2026-05-29 23:03:52,756 [ERROR] LogOutputStream:75 - [STDERR_REDIRECT] 
2026-05-29 23:04:22,752 [ERROR] LogOutputStream:75 - [STDERR_REDIRECT] May 29, 2026 11:04:22 PM java.util.prefs.FileSystemPreferences checkLockFile0ErrorCode
2026-05-29 23:04:22,753 [ERROR] LogOutputStream:75 - [STDERR_REDIRECT] WARNING: Could not lock System prefs. Unix error code 2.
2026-05-29 23:04:22,753 [ERROR] LogOutputStream:75 - [STDERR_REDIRECT] 
2026-05-29 23:04:22,755 [ERROR] LogOutputStream:75 - [STDERR_REDIRECT] May 29, 2026 11:04:22 PM java.util.prefs.FileSystemPreferences syncWorld
2026-05-29 23:04:22,756 [ERROR] LogOutputStream:75 - [STDERR_REDIRECT] WARNING: Couldn't flush system prefs: java.util.prefs.BackingStoreException: Couldn't get file lock.
2026-05-29 23:04:22,756 [ERROR] LogOutputStream:75 - [STDERR_REDIRECT] 
2026-05-29 23:04:52,751 [ERROR] LogOutputStream:75 - [STDERR_REDIRECT] May 29, 2026 11:04:52 PM java.util.prefs.FileSystemPreferences checkLockFile0ErrorCode
2026-05-29 23:04:52,752 [ERROR] LogOutputStream:75 - [STDERR_REDIRECT] WARNING: Could not lock System prefs. Unix error code 2.
2026-05-29 23:04:52,752 [ERROR] LogOutputStream:75 - [STDERR_REDIRECT] 
2026-05-29 23:04:52,753 [ERROR] LogOutputStream:75 - [STDERR_REDIRECT] May 29, 2026 11:04:52 PM java.util.prefs.FileSystemPreferences syncWorld
2026-05-29 23:04:52,754 [ERROR] LogOutputStream:75 - [STDERR_REDIRECT] WARNING: Couldn't flush system prefs: java.util.prefs.BackingStoreException: Couldn't get file lock.
2026-05-29 23:04:52,754 [ERROR] LogOutputStream:75 - [STDERR_REDIRECT] 
2026-05-29 23:05:22,752 [ERROR] LogOutputStream:75 - [STDERR_REDIRECT] May 29, 2026 11:05:22 PM java.util.prefs.FileSystemPreferences checkLockFile0ErrorCode
2026-05-29 23:05:22,753 [ERROR] LogOutputStream:75 - [STDERR_REDIRECT] WARNING: Could not lock System prefs. Unix error code 2.
2026-05-29 23:05:22,754 [ERROR] LogOutputStream:75 - [STDERR_REDIRECT] 
2026-05-29 23:05:22,756 [ERROR] LogOutputStream:75 - [STDERR_REDIRECT] May 29, 2026 11:05:22 PM java.util.prefs.FileSystemPreferences syncWorld
2026-05-29 23:05:22,756 [ERROR] LogOutputStream:75 - [STDERR_REDIRECT] WARNING: Couldn't flush system prefs: java.util.prefs.BackingStoreException: Couldn't get file lock.
2026-05-29 23:05:22,757 [ERROR] LogOutputStream:75 - [STDERR_REDIRECT] 
2026-05-29 23:05:52,752 [ERROR] LogOutputStream:75 - [STDERR_REDIRECT] May 29, 2026 11:05:52 PM java.util.prefs.FileSystemPreferences checkLockFile0ErrorCode
2026-05-29 23:05:52,753 [ERROR] LogOutputStream:75 - [STDERR_REDIRECT] WARNING: Could not lock System prefs. Unix error code 2.
2026-05-29 23:05:52,754 [ERROR] LogOutputStream:75 - [STDERR_REDIRECT] 
2026-05-29 23:05:52,756 [ERROR] LogOutputStream:75 - [STDERR_REDIRECT] May 29, 2026 11:05:52 PM java.util.prefs.FileSystemPreferences syncWorld
2026-05-29 23:05:52,756 [ERROR] LogOutputStream:75 - [STDERR_REDIRECT] WARNING: Couldn't flush system prefs: java.util.prefs.BackingStoreException: Couldn't get file lock.
2026-05-29 23:05:52,757 [ERROR] LogOutputStream:75 - [STDERR_REDIRECT] 
2026-05-29 23:06:22,753 [ERROR] LogOutputStream:75 - [STDERR_REDIRECT] May 29, 2026 11:06:22 PM java.util.prefs.FileSystemPreferences checkLockFile0ErrorCode
2026-05-29 23:06:22,755 [ERROR] LogOutputStream:75 - [STDERR_REDIRECT] WARNING: Could not lock System prefs. Unix error code 2.
2026-05-29 23:06:22,757 [ERROR] LogOutputStream:75 - [STDERR_REDIRECT] 
2026-05-29 23:06:22,764 [ERROR] LogOutputStream:75 - [STDERR_REDIRECT] May 29, 2026 11:06:22 PM java.util.prefs.FileSystemPreferences syncWorld
2026-05-29 23:06:22,768 [ERROR] LogOutputStream:75 - [STDERR_REDIRECT] WARNING: Couldn't flush system prefs: java.util.prefs.BackingStoreException: Couldn't get file lock.
2026-05-29 23:06:22,769 [ERROR] LogOutputStream:75 - [STDERR_REDIRECT] 
2026-05-29 23:06:52,753 [ERROR] LogOutputStream:75 - [STDERR_REDIRECT] May 29, 2026 11:06:52 PM java.util.prefs.FileSystemPreferences checkLockFile0ErrorCode
2026-05-29 23:06:52,754 [ERROR] LogOutputStream:75 - [STDERR_REDIRECT] WARNING: Could not lock System prefs. Unix error code 2.
2026-05-29 23:06:52,755 [ERROR] LogOutputStream:75 - [STDERR_REDIRECT] 
2026-05-29 23:06:52,756 [ERROR] LogOutputStream:75 - [STDERR_REDIRECT] May 29, 2026 11:06:52 PM java.util.prefs.FileSystemPreferences syncWorld
2026-05-29 23:06:52,756 [ERROR] LogOutputStream:75 - [STDERR_REDIRECT] WARNING: Couldn't flush system prefs: java.util.prefs.BackingStoreException: Couldn't get file lock.
2026-05-29 23:06:52,756 [ERROR] LogOutputStream:75 - [STDERR_REDIRECT] 
2026-05-29 23:07:22,752 [ERROR] LogOutputStream:75 - [STDERR_REDIRECT] May 29, 2026 11:07:22 PM java.util.prefs.FileSystemPreferences checkLockFile0ErrorCode
2026-05-29 23:07:22,755 [ERROR] LogOutputStream:75 - [STDERR_REDIRECT] WARNING: Could not lock System prefs. Unix error code 2.
2026-05-29 23:07:22,756 [ERROR] LogOutputStream:75 - [STDERR_REDIRECT] 
2026-05-29 23:07:22,757 [ERROR] LogOutputStream:75 - [STDERR_REDIRECT] May 29, 2026 11:07:22 PM java.util.prefs.FileSystemPreferences syncWorld
2026-05-29 23:07:22,758 [ERROR] LogOutputStream:75 - [STDERR_REDIRECT] WARNING: Couldn't flush system prefs: java.util.prefs.BackingStoreException: Couldn't get file lock.
2026-05-29 23:07:22,758 [ERROR] LogOutputStream:75 - [STDERR_REDIRECT] 
2026-05-29 23:07:52,752 [ERROR] LogOutputStream:75 - [STDERR_REDIRECT] May 29, 2026 11:07:52 PM java.util.prefs.FileSystemPreferences checkLockFile0ErrorCode
2026-05-29 23:07:52,784 [ERROR] LogOutputStream:75 - [STDERR_REDIRECT] WARNING: Could not lock System prefs. Unix error code 2.
2026-05-29 23:07:52,785 [ERROR] LogOutputStream:75 - [STDERR_REDIRECT] 
2026-05-29 23:07:52,786 [ERROR] LogOutputStream:75 - [STDERR_REDIRECT] May 29, 2026 11:07:52 PM java.util.prefs.FileSystemPreferences syncWorld
2026-05-29 23:07:52,787 [ERROR] LogOutputStream:75 - [STDERR_REDIRECT] WARNING: Couldn't flush system prefs: java.util.prefs.BackingStoreException: Couldn't get file lock.
2026-05-29 23:07:52,787 [ERROR] LogOutputStream:75 - [STDERR_REDIRECT] 
2026-05-29 23:08:22,753 [ERROR] LogOutputStream:75 - [STDERR_REDIRECT] May 29, 2026 11:08:22 PM java.util.prefs.FileSystemPreferences checkLockFile0ErrorCode
2026-05-29 23:08:22,754 [ERROR] LogOutputStream:75 - [STDERR_REDIRECT] WARNING: Could not lock System prefs. Unix error code 2.
2026-05-29 23:08:22,754 [ERROR] LogOutputStream:75 - [STDERR_REDIRECT] 
2026-05-29 23:08:22,755 [ERROR] LogOutputStream:75 - [STDERR_REDIRECT] May 29, 2026 11:08:22 PM java.util.prefs.FileSystemPreferences syncWorld
2026-05-29 23:08:22,755 [ERROR] LogOutputStream:75 - [STDERR_REDIRECT] WARNING: Couldn't flush system prefs: java.util.prefs.BackingStoreException: Couldn't get file lock.
2026-05-29 23:08:22,756 [ERROR] LogOutputStream:75 - [STDERR_REDIRECT] 
2026-05-29 23:08:52,753 [ERROR] LogOutputStream:75 - [STDERR_REDIRECT] May 29, 2026 11:08:52 PM java.util.prefs.FileSystemPreferences checkLockFile0ErrorCode
2026-05-29 23:08:52,754 [ERROR] LogOutputStream:75 - [STDERR_REDIRECT] WARNING: Could not lock System prefs. Unix error code 2.
2026-05-29 23:08:52,754 [ERROR] LogOutputStream:75 - [STDERR_REDIRECT] 
2026-05-29 23:08:52,756 [ERROR] LogOutputStream:75 - [STDERR_REDIRECT] May 29, 2026 11:08:52 PM java.util.prefs.FileSystemPreferences syncWorld
2026-05-29 23:08:52,757 [ERROR] LogOutputStream:75 - [STDERR_REDIRECT] WARNING: Couldn't flush system prefs: java.util.prefs.BackingStoreException: Couldn't get file lock.
2026-05-29 23:08:52,757 [ERROR] LogOutputStream:75 - [STDERR_REDIRECT] 
2026-05-29 23:09:22,753 [ERROR] LogOutputStream:75 - [STDERR_REDIRECT] May 29, 2026 11:09:22 PM java.util.prefs.FileSystemPreferences checkLockFile0ErrorCode
2026-05-29 23:09:22,753 [ERROR] LogOutputStream:75 - [STDERR_REDIRECT] WARNING: Could not lock System prefs. Unix error code 2.
2026-05-29 23:09:22,754 [ERROR] LogOutputStream:75 - [STDERR_REDIRECT] 
2026-05-29 23:09:22,755 [ERROR] LogOutputStream:75 - [STDERR_REDIRECT] May 29, 2026 11:09:22 PM java.util.prefs.FileSystemPreferences syncWorld
2026-05-29 23:09:22,756 [ERROR] LogOutputStream:75 - [STDERR_REDIRECT] WARNING: Couldn't flush system prefs: java.util.prefs.BackingStoreException: Couldn't get file lock.
2026-05-29 23:09:22,756 [ERROR] LogOutputStream:75 - [STDERR_REDIRECT] 
2026-05-29 23:09:52,755 [ERROR] LogOutputStream:75 - [STDERR_REDIRECT] May 29, 2026 11:09:52 PM java.util.prefs.FileSystemPreferences checkLockFile0ErrorCode
2026-05-29 23:09:52,757 [ERROR] LogOutputStream:75 - [STDERR_REDIRECT] WARNING: Could not lock System prefs. Unix error code 2.
2026-05-29 23:09:52,758 [ERROR] LogOutputStream:75 - [STDERR_REDIRECT] 
2026-05-29 23:09:52,759 [ERROR] LogOutputStream:75 - [STDERR_REDIRECT] May 29, 2026 11:09:52 PM java.util.prefs.FileSystemPreferences syncWorld
2026-05-29 23:09:52,760 [ERROR] LogOutputStream:75 - [STDERR_REDIRECT] WARNING: Couldn't flush system prefs: java.util.prefs.BackingStoreException: Couldn't get file lock.
2026-05-29 23:09:52,760 [ERROR] LogOutputStream:75 - [STDERR_REDIRECT] 
2026-05-29 23:10:22,754 [ERROR] LogOutputStream:75 - [STDERR_REDIRECT] May 29, 2026 11:10:22 PM java.util.prefs.FileSystemPreferences checkLockFile0ErrorCode
2026-05-29 23:10:22,755 [ERROR] LogOutputStream:75 - [STDERR_REDIRECT] WARNING: Could not lock System prefs. Unix error code 2.
2026-05-29 23:10:22,756 [ERROR] LogOutputStream:75 - [STDERR_REDIRECT] 
2026-05-29 23:10:22,757 [ERROR] LogOutputStream:75 - [STDERR_REDIRECT] May 29, 2026 11:10:22 PM java.util.prefs.FileSystemPreferences syncWorld
2026-05-29 23:10:22,757 [ERROR] LogOutputStream:75 - [STDERR_REDIRECT] WARNING: Couldn't flush system prefs: java.util.prefs.BackingStoreException: Couldn't get file lock.
2026-05-29 23:10:22,758 [ERROR] LogOutputStream:75 - [STDERR_REDIRECT] 
2026-05-29 23:10:52,754 [ERROR] LogOutputStream:75 - [STDERR_REDIRECT] May 29, 2026 11:10:52 PM java.util.prefs.FileSystemPreferences checkLockFile0ErrorCode
2026-05-29 23:10:52,755 [ERROR] LogOutputStream:75 - [STDERR_REDIRECT] WARNING: Could not lock System prefs. Unix error code 2.
2026-05-29 23:10:52,756 [ERROR] LogOutputStream:75 - [STDERR_REDIRECT] 
2026-05-29 23:10:52,757 [ERROR] LogOutputStream:75 - [STDERR_REDIRECT] May 29, 2026 11:10:52 PM java.util.prefs.FileSystemPreferences syncWorld
2026-05-29 23:10:52,757 [ERROR] LogOutputStream:75 - [STDERR_REDIRECT] WARNING: Couldn't flush system prefs: java.util.prefs.BackingStoreException: Couldn't get file lock.
2026-05-29 23:10:52,758 [ERROR] LogOutputStream:75 - [STDERR_REDIRECT] 
2026-05-29 23:11:22,754 [ERROR] LogOutputStream:75 - [STDERR_REDIRECT] May 29, 2026 11:11:22 PM java.util.prefs.FileSystemPreferences checkLockFile0ErrorCode
2026-05-29 23:11:22,755 [ERROR] LogOutputStream:75 - [STDERR_REDIRECT] WARNING: Could not lock System prefs. Unix error code 2.
2026-05-29 23:11:22,755 [ERROR] LogOutputStream:75 - [STDERR_REDIRECT] 
2026-05-29 23:11:22,756 [ERROR] LogOutputStream:75 - [STDERR_REDIRECT] May 29, 2026 11:11:22 PM java.util.prefs.FileSystemPreferences syncWorld
2026-05-29 23:11:22,757 [ERROR] LogOutputStream:75 - [STDERR_REDIRECT] WARNING: Couldn't flush system prefs: java.util.prefs.BackingStoreException: Couldn't get file lock.
2026-05-29 23:11:22,757 [ERROR] LogOutputStream:75 - [STDERR_REDIRECT] 
2026-05-29 23:11:52,754 [ERROR] LogOutputStream:75 - [STDERR_REDIRECT] May 29, 2026 11:11:52 PM java.util.prefs.FileSystemPreferences checkLockFile0ErrorCode
2026-05-29 23:11:52,755 [ERROR] LogOutputStream:75 - [STDERR_REDIRECT] WARNING: Could not lock System prefs. Unix error code 2.
2026-05-29 23:11:52,756 [ERROR] LogOutputStream:75 - [STDERR_REDIRECT] 
2026-05-29 23:11:52,758 [ERROR] LogOutputStream:75 - [STDERR_REDIRECT] May 29, 2026 11:11:52 PM java.util.prefs.FileSystemPreferences syncWorld
2026-05-29 23:11:52,759 [ERROR] LogOutputStream:75 - [STDERR_REDIRECT] WARNING: Couldn't flush system prefs: java.util.prefs.BackingStoreException: Couldn't get file lock.
2026-05-29 23:11:52,759 [ERROR] LogOutputStream:75 - [STDERR_REDIRECT] 
2026-05-29 23:12:22,755 [ERROR] LogOutputStream:75 - [STDERR_REDIRECT] May 29, 2026 11:12:22 PM java.util.prefs.FileSystemPreferences checkLockFile0ErrorCode
2026-05-29 23:12:22,756 [ERROR] LogOutputStream:75 - [STDERR_REDIRECT] WARNING: Could not lock System prefs. Unix error code 2.
2026-05-29 23:12:22,757 [ERROR] LogOutputStream:75 - [STDERR_REDIRECT] 
2026-05-29 23:12:22,757 [ERROR] LogOutputStream:75 - [STDERR_REDIRECT] May 29, 2026 11:12:22 PM java.util.prefs.FileSystemPreferences syncWorld
2026-05-29 23:12:22,758 [ERROR] LogOutputStream:75 - [STDERR_REDIRECT] WARNING: Couldn't flush system prefs: java.util.prefs.BackingStoreException: Couldn't get file lock.
2026-05-29 23:12:22,758 [ERROR] LogOutputStream:75 - [STDERR_REDIRECT] 
2026-05-29 23:12:52,756 [ERROR] LogOutputStream:75 - [STDERR_REDIRECT] May 29, 2026 11:12:52 PM java.util.prefs.FileSystemPreferences checkLockFile0ErrorCode
2026-05-29 23:12:52,756 [ERROR] LogOutputStream:75 - [STDERR_REDIRECT] WARNING: Could not lock System prefs. Unix error code 2.
2026-05-29 23:12:52,757 [ERROR] LogOutputStream:75 - [STDERR_REDIRECT] 
2026-05-29 23:12:52,758 [ERROR] LogOutputStream:75 - [STDERR_REDIRECT] May 29, 2026 11:12:52 PM java.util.prefs.FileSystemPreferences syncWorld
2026-05-29 23:12:52,758 [ERROR] LogOutputStream:75 - [STDERR_REDIRECT] WARNING: Couldn't flush system prefs: java.util.prefs.BackingStoreException: Couldn't get file lock.
2026-05-29 23:12:52,759 [ERROR] LogOutputStream:75 - [STDERR_REDIRECT] 
2026-05-29 23:13:22,756 [ERROR] LogOutputStream:75 - [STDERR_REDIRECT] May 29, 2026 11:13:22 PM java.util.prefs.FileSystemPreferences checkLockFile0ErrorCode
2026-05-29 23:13:22,757 [ERROR] LogOutputStream:75 - [STDERR_REDIRECT] WARNING: Could not lock System prefs. Unix error code 2.
2026-05-29 23:13:22,758 [ERROR] LogOutputStream:75 - [STDERR_REDIRECT] 
2026-05-29 23:13:22,759 [ERROR] LogOutputStream:75 - [STDERR_REDIRECT] May 29, 2026 11:13:22 PM java.util.prefs.FileSystemPreferences syncWorld
2026-05-29 23:13:22,759 [ERROR] LogOutputStream:75 - [STDERR_REDIRECT] WARNING: Couldn't flush system prefs: java.util.prefs.BackingStoreException: Couldn't get file lock.
2026-05-29 23:13:22,759 [ERROR] LogOutputStream:75 - [STDERR_REDIRECT] 
2026-05-29 23:13:52,756 [ERROR] LogOutputStream:75 - [STDERR_REDIRECT] May 29, 2026 11:13:52 PM java.util.prefs.FileSystemPreferences checkLockFile0ErrorCode
2026-05-29 23:13:52,756 [ERROR] LogOutputStream:75 - [STDERR_REDIRECT] WARNING: Could not lock System prefs. Unix error code 2.
2026-05-29 23:13:52,757 [ERROR] LogOutputStream:75 - [STDERR_REDIRECT] 
2026-05-29 23:13:52,758 [ERROR] LogOutputStream:75 - [STDERR_REDIRECT] May 29, 2026 11:13:52 PM java.util.prefs.FileSystemPreferences syncWorld
2026-05-29 23:13:52,758 [ERROR] LogOutputStream:75 - [STDERR_REDIRECT] WARNING: Couldn't flush system prefs: java.util.prefs.BackingStoreException: Couldn't get file lock.
2026-05-29 23:13:52,758 [ERROR] LogOutputStream:75 - [STDERR_REDIRECT] 
2026-05-29 23:14:22,757 [ERROR] LogOutputStream:75 - [STDERR_REDIRECT] May 29, 2026 11:14:22 PM java.util.prefs.FileSystemPreferences checkLockFile0ErrorCode
2026-05-29 23:14:22,758 [ERROR] LogOutputStream:75 - [STDERR_REDIRECT] WARNING: Could not lock System prefs. Unix error code 2.
2026-05-29 23:14:22,758 [ERROR] LogOutputStream:75 - [STDERR_REDIRECT] 
2026-05-29 23:14:22,759 [ERROR] LogOutputStream:75 - [STDERR_REDIRECT] May 29, 2026 11:14:22 PM java.util.prefs.FileSystemPreferences syncWorld
2026-05-29 23:14:22,759 [ERROR] LogOutputStream:75 - [STDERR_REDIRECT] WARNING: Couldn't flush system prefs: java.util.prefs.BackingStoreException: Couldn't get file lock.
2026-05-29 23:14:22,760 [ERROR] LogOutputStream:75 - [STDERR_REDIRECT] 
2026-05-29 23:14:52,757 [ERROR] LogOutputStream:75 - [STDERR_REDIRECT] May 29, 2026 11:14:52 PM java.util.prefs.FileSystemPreferences checkLockFile0ErrorCode
2026-05-29 23:14:52,758 [ERROR] LogOutputStream:75 - [STDERR_REDIRECT] WARNING: Could not lock System prefs. Unix error code 2.
2026-05-29 23:14:52,758 [ERROR] LogOutputStream:75 - [STDERR_REDIRECT] 
2026-05-29 23:14:52,761 [ERROR] LogOutputStream:75 - [STDERR_REDIRECT] May 29, 2026 11:14:52 PM java.util.prefs.FileSystemPreferences syncWorld
2026-05-29 23:14:52,761 [ERROR] LogOutputStream:75 - [STDERR_REDIRECT] WARNING: Couldn't flush system prefs: java.util.prefs.BackingStoreException: Couldn't get file lock.
2026-05-29 23:14:52,762 [ERROR] LogOutputStream:75 - [STDERR_REDIRECT] 
2026-05-29 23:15:22,757 [ERROR] LogOutputStream:75 - [STDERR_REDIRECT] May 29, 2026 11:15:22 PM java.util.prefs.FileSystemPreferences checkLockFile0ErrorCode
2026-05-29 23:15:22,758 [ERROR] LogOutputStream:75 - [STDERR_REDIRECT] WARNING: Could not lock System prefs. Unix error code 2.
2026-05-29 23:15:22,759 [ERROR] LogOutputStream:75 - [STDERR_REDIRECT] 
2026-05-29 23:15:22,759 [ERROR] LogOutputStream:75 - [STDERR_REDIRECT] May 29, 2026 11:15:22 PM java.util.prefs.FileSystemPreferences syncWorld
2026-05-29 23:15:22,760 [ERROR] LogOutputStream:75 - [STDERR_REDIRECT] WARNING: Couldn't flush system prefs: java.util.prefs.BackingStoreException: Couldn't get file lock.
2026-05-29 23:15:22,760 [ERROR] LogOutputStream:75 - [STDERR_REDIRECT] 
2026-05-29 23:15:52,757 [ERROR] LogOutputStream:75 - [STDERR_REDIRECT] May 29, 2026 11:15:52 PM java.util.prefs.FileSystemPreferences checkLockFile0ErrorCode
2026-05-29 23:15:52,758 [ERROR] LogOutputStream:75 - [STDERR_REDIRECT] WARNING: Could not lock System prefs. Unix error code 2.
2026-05-29 23:15:52,758 [ERROR] LogOutputStream:75 - [STDERR_REDIRECT] 
2026-05-29 23:15:52,759 [ERROR] LogOutputStream:75 - [STDERR_REDIRECT] May 29, 2026 11:15:52 PM java.util.prefs.FileSystemPreferences syncWorld
2026-05-29 23:15:52,760 [ERROR] LogOutputStream:75 - [STDERR_REDIRECT] WARNING: Couldn't flush system prefs: java.util.prefs.BackingStoreException: Couldn't get file lock.
2026-05-29 23:15:52,760 [ERROR] LogOutputStream:75 - [STDERR_REDIRECT] 
2026-05-29 23:16:22,757 [ERROR] LogOutputStream:75 - [STDERR_REDIRECT] May 29, 2026 11:16:22 PM java.util.prefs.FileSystemPreferences checkLockFile0ErrorCode
2026-05-29 23:16:22,758 [ERROR] LogOutputStream:75 - [STDERR_REDIRECT] WARNING: Could not lock System prefs. Unix error code 2.
2026-05-29 23:16:22,758 [ERROR] LogOutputStream:75 - [STDERR_REDIRECT] 
2026-05-29 23:16:22,759 [ERROR] LogOutputStream:75 - [STDERR_REDIRECT] May 29, 2026 11:16:22 PM java.util.prefs.FileSystemPreferences syncWorld
2026-05-29 23:16:22,760 [ERROR] LogOutputStream:75 - [STDERR_REDIRECT] WARNING: Couldn't flush system prefs: java.util.prefs.BackingStoreException: Couldn't get file lock.
2026-05-29 23:16:22,760 [ERROR] LogOutputStream:75 - [STDERR_REDIRECT] 
2026-05-29 23:16:52,757 [ERROR] LogOutputStream:75 - [STDERR_REDIRECT] May 29, 2026 11:16:52 PM java.util.prefs.FileSystemPreferences checkLockFile0ErrorCode
2026-05-29 23:16:52,758 [ERROR] LogOutputStream:75 - [STDERR_REDIRECT] WARNING: Could not lock System prefs. Unix error code 2.
2026-05-29 23:16:52,758 [ERROR] LogOutputStream:75 - [STDERR_REDIRECT] 
2026-05-29 23:16:52,759 [ERROR] LogOutputStream:75 - [STDERR_REDIRECT] May 29, 2026 11:16:52 PM java.util.prefs.FileSystemPreferences syncWorld
2026-05-29 23:16:52,759 [ERROR] LogOutputStream:75 - [STDERR_REDIRECT] WARNING: Couldn't flush system prefs: java.util.prefs.BackingStoreException: Couldn't get file lock.
2026-05-29 23:16:52,760 [ERROR] LogOutputStream:75 - [STDERR_REDIRECT] 
2026-05-29 23:17:22,756 [ERROR] LogOutputStream:75 - [STDERR_REDIRECT] May 29, 2026 11:17:22 PM java.util.prefs.FileSystemPreferences checkLockFile0ErrorCode
2026-05-29 23:17:22,760 [ERROR] LogOutputStream:75 - [STDERR_REDIRECT] WARNING: Could not lock System prefs. Unix error code 2.
2026-05-29 23:17:22,761 [ERROR] LogOutputStream:75 - [STDERR_REDIRECT] 
2026-05-29 23:17:22,764 [ERROR] LogOutputStream:75 - [STDERR_REDIRECT] May 29, 2026 11:17:22 PM java.util.prefs.FileSystemPreferences syncWorld
2026-05-29 23:17:22,765 [ERROR] LogOutputStream:75 - [STDERR_REDIRECT] WARNING: Couldn't flush system prefs: java.util.prefs.BackingStoreException: Couldn't get file lock.
2026-05-29 23:17:22,765 [ERROR] LogOutputStream:75 - [STDERR_REDIRECT] 
2026-05-29 23:17:52,756 [ERROR] LogOutputStream:75 - [STDERR_REDIRECT] May 29, 2026 11:17:52 PM java.util.prefs.FileSystemPreferences checkLockFile0ErrorCode
2026-05-29 23:17:52,757 [ERROR] LogOutputStream:75 - [STDERR_REDIRECT] WARNING: Could not lock System prefs. Unix error code 2.
2026-05-29 23:17:52,788 [ERROR] LogOutputStream:75 - [STDERR_REDIRECT] 
2026-05-29 23:17:52,790 [ERROR] LogOutputStream:75 - [STDERR_REDIRECT] May 29, 2026 11:17:52 PM java.util.prefs.FileSystemPreferences syncWorld
2026-05-29 23:17:52,790 [ERROR] LogOutputStream:75 - [STDERR_REDIRECT] WARNING: Couldn't flush system prefs: java.util.prefs.BackingStoreException: Couldn't get file lock.
2026-05-29 23:17:52,790 [ERROR] LogOutputStream:75 - [STDERR_REDIRECT] 
2026-05-29 23:18:22,757 [ERROR] LogOutputStream:75 - [STDERR_REDIRECT] May 29, 2026 11:18:22 PM java.util.prefs.FileSystemPreferences checkLockFile0ErrorCode
2026-05-29 23:18:22,758 [ERROR] LogOutputStream:75 - [STDERR_REDIRECT] WARNING: Could not lock System prefs. Unix error code 2.
2026-05-29 23:18:22,758 [ERROR] LogOutputStream:75 - [STDERR_REDIRECT] 
2026-05-29 23:18:22,759 [ERROR] LogOutputStream:75 - [STDERR_REDIRECT] May 29, 2026 11:18:22 PM java.util.prefs.FileSystemPreferences syncWorld
2026-05-29 23:18:22,760 [ERROR] LogOutputStream:75 - [STDERR_REDIRECT] WARNING: Couldn't flush system prefs: java.util.prefs.BackingStoreException: Couldn't get file lock.
2026-05-29 23:18:22,760 [ERROR] LogOutputStream:75 - [STDERR_REDIRECT] 
2026-05-29 23:18:52,758 [ERROR] LogOutputStream:75 - [STDERR_REDIRECT] May 29, 2026 11:18:52 PM java.util.prefs.FileSystemPreferences checkLockFile0ErrorCode
2026-05-29 23:18:52,758 [ERROR] LogOutputStream:75 - [STDERR_REDIRECT] WARNING: Could not lock System prefs. Unix error code 2.
2026-05-29 23:18:52,759 [ERROR] LogOutputStream:75 - [STDERR_REDIRECT] 
2026-05-29 23:18:52,760 [ERROR] LogOutputStream:75 - [STDERR_REDIRECT] May 29, 2026 11:18:52 PM java.util.prefs.FileSystemPreferences syncWorld
2026-05-29 23:18:52,761 [ERROR] LogOutputStream:75 - [STDERR_REDIRECT] WARNING: Couldn't flush system prefs: java.util.prefs.BackingStoreException: Couldn't get file lock.
2026-05-29 23:18:52,762 [ERROR] LogOutputStream:75 - [STDERR_REDIRECT] 
2026-05-29 23:19:22,758 [ERROR] LogOutputStream:75 - [STDERR_REDIRECT] May 29, 2026 11:19:22 PM java.util.prefs.FileSystemPreferences checkLockFile0ErrorCode
2026-05-29 23:19:22,759 [ERROR] LogOutputStream:75 - [STDERR_REDIRECT] WARNING: Could not lock System prefs. Unix error code 2.
2026-05-29 23:19:22,760 [ERROR] LogOutputStream:75 - [STDERR_REDIRECT] 
2026-05-29 23:19:22,761 [ERROR] LogOutputStream:75 - [STDERR_REDIRECT] May 29, 2026 11:19:22 PM java.util.prefs.FileSystemPreferences syncWorld
2026-05-29 23:19:22,761 [ERROR] LogOutputStream:75 - [STDERR_REDIRECT] WARNING: Couldn't flush system prefs: java.util.prefs.BackingStoreException: Couldn't get file lock.
2026-05-29 23:19:22,762 [ERROR] LogOutputStream:75 - [STDERR_REDIRECT] 
2026-05-29 23:19:52,758 [ERROR] LogOutputStream:75 - [STDERR_REDIRECT] May 29, 2026 11:19:52 PM java.util.prefs.FileSystemPreferences checkLockFile0ErrorCode
2026-05-29 23:19:52,758 [ERROR] LogOutputStream:75 - [STDERR_REDIRECT] WARNING: Could not lock System prefs. Unix error code 2.
2026-05-29 23:19:52,758 [ERROR] LogOutputStream:75 - [STDERR_REDIRECT] 
2026-05-29 23:19:52,759 [ERROR] LogOutputStream:75 - [STDERR_REDIRECT] May 29, 2026 11:19:52 PM java.util.prefs.FileSystemPreferences syncWorld
2026-05-29 23:19:52,760 [ERROR] LogOutputStream:75 - [STDERR_REDIRECT] WARNING: Couldn't flush system prefs: java.util.prefs.BackingStoreException: Couldn't get file lock.
2026-05-29 23:19:52,760 [ERROR] LogOutputStream:75 - [STDERR_REDIRECT] 
2026-05-29 23:20:22,757 [ERROR] LogOutputStream:75 - [STDERR_REDIRECT] May 29, 2026 11:20:22 PM java.util.prefs.FileSystemPreferences checkLockFile0ErrorCode
2026-05-29 23:20:22,757 [ERROR] LogOutputStream:75 - [STDERR_REDIRECT] WARNING: Could not lock System prefs. Unix error code 2.
2026-05-29 23:20:22,758 [ERROR] LogOutputStream:75 - [STDERR_REDIRECT] 
2026-05-29 23:20:22,759 [ERROR] LogOutputStream:75 - [STDERR_REDIRECT] May 29, 2026 11:20:22 PM java.util.prefs.FileSystemPreferences syncWorld
2026-05-29 23:20:22,759 [ERROR] LogOutputStream:75 - [STDERR_REDIRECT] WARNING: Couldn't flush system prefs: java.util.prefs.BackingStoreException: Couldn't get file lock.
2026-05-29 23:20:22,759 [ERROR] LogOutputStream:75 - [STDERR_REDIRECT] 
2026-05-29 23:20:52,757 [ERROR] LogOutputStream:75 - [STDERR_REDIRECT] May 29, 2026 11:20:52 PM java.util.prefs.FileSystemPreferences checkLockFile0ErrorCode
2026-05-29 23:20:52,789 [ERROR] LogOutputStream:75 - [STDERR_REDIRECT] WARNING: Could not lock System prefs. Unix error code 2.
2026-05-29 23:20:52,789 [ERROR] LogOutputStream:75 - [STDERR_REDIRECT] 
2026-05-29 23:20:52,790 [ERROR] LogOutputStream:75 - [STDERR_REDIRECT] May 29, 2026 11:20:52 PM java.util.prefs.FileSystemPreferences syncWorld
2026-05-29 23:20:52,791 [ERROR] LogOutputStream:75 - [STDERR_REDIRECT] WARNING: Couldn't flush system prefs: java.util.prefs.BackingStoreException: Couldn't get file lock.
2026-05-29 23:20:52,791 [ERROR] LogOutputStream:75 - [STDERR_REDIRECT] 
2026-05-29 23:21:22,757 [ERROR] LogOutputStream:75 - [STDERR_REDIRECT] May 29, 2026 11:21:22 PM java.util.prefs.FileSystemPreferences checkLockFile0ErrorCode
2026-05-29 23:21:22,758 [ERROR] LogOutputStream:75 - [STDERR_REDIRECT] WARNING: Could not lock System prefs. Unix error code 2.
2026-05-29 23:21:22,758 [ERROR] LogOutputStream:75 - [STDERR_REDIRECT] 
2026-05-29 23:21:22,759 [ERROR] LogOutputStream:75 - [STDERR_REDIRECT] May 29, 2026 11:21:22 PM java.util.prefs.FileSystemPreferences syncWorld
2026-05-29 23:21:22,760 [ERROR] LogOutputStream:75 - [STDERR_REDIRECT] WARNING: Couldn't flush system prefs: java.util.prefs.BackingStoreException: Couldn't get file lock.
2026-05-29 23:21:22,760 [ERROR] LogOutputStream:75 - [STDERR_REDIRECT] 
2026-05-29 23:21:52,757 [ERROR] LogOutputStream:75 - [STDERR_REDIRECT] May 29, 2026 11:21:52 PM java.util.prefs.FileSystemPreferences checkLockFile0ErrorCode
2026-05-29 23:21:52,758 [ERROR] LogOutputStream:75 - [STDERR_REDIRECT] WARNING: Could not lock System prefs. Unix error code 2.
2026-05-29 23:21:52,758 [ERROR] LogOutputStream:75 - [STDERR_REDIRECT] 
2026-05-29 23:21:52,759 [ERROR] LogOutputStream:75 - [STDERR_REDIRECT] May 29, 2026 11:21:52 PM java.util.prefs.FileSystemPreferences syncWorld
2026-05-29 23:21:52,760 [ERROR] LogOutputStream:75 - [STDERR_REDIRECT] WARNING: Couldn't flush system prefs: java.util.prefs.BackingStoreException: Couldn't get file lock.
2026-05-29 23:21:52,760 [ERROR] LogOutputStream:75 - [STDERR_REDIRECT] 
2026-05-29 23:22:22,760 [ERROR] LogOutputStream:75 - [STDERR_REDIRECT] May 29, 2026 11:22:22 PM java.util.prefs.FileSystemPreferences checkLockFile0ErrorCode
2026-05-29 23:22:22,761 [ERROR] LogOutputStream:75 - [STDERR_REDIRECT] WARNING: Could not lock System prefs. Unix error code 2.
2026-05-29 23:22:22,762 [ERROR] LogOutputStream:75 - [STDERR_REDIRECT] 
2026-05-29 23:22:22,763 [ERROR] LogOutputStream:75 - [STDERR_REDIRECT] May 29, 2026 11:22:22 PM java.util.prefs.FileSystemPreferences syncWorld
2026-05-29 23:22:22,763 [ERROR] LogOutputStream:75 - [STDERR_REDIRECT] WARNING: Couldn't flush system prefs: java.util.prefs.BackingStoreException: Couldn't get file lock.
2026-05-29 23:22:22,763 [ERROR] LogOutputStream:75 - [STDERR_REDIRECT] 
2026-05-29 23:22:52,763 [ERROR] LogOutputStream:75 - [STDERR_REDIRECT] May 29, 2026 11:22:52 PM java.util.prefs.FileSystemPreferences checkLockFile0ErrorCode
2026-05-29 23:22:52,763 [ERROR] LogOutputStream:75 - [STDERR_REDIRECT] WARNING: Could not lock System prefs. Unix error code 2.
2026-05-29 23:22:52,764 [ERROR] LogOutputStream:75 - [STDERR_REDIRECT] 
2026-05-29 23:22:52,766 [ERROR] LogOutputStream:75 - [STDERR_REDIRECT] May 29, 2026 11:22:52 PM java.util.prefs.FileSystemPreferences syncWorld
2026-05-29 23:22:52,766 [ERROR] LogOutputStream:75 - [STDERR_REDIRECT] WARNING: Couldn't flush system prefs: java.util.prefs.BackingStoreException: Couldn't get file lock.
2026-05-29 23:22:52,767 [ERROR] LogOutputStream:75 - [STDERR_REDIRECT] 
2026-05-29 23:23:22,766 [ERROR] LogOutputStream:75 - [STDERR_REDIRECT] May 29, 2026 11:23:22 PM java.util.prefs.FileSystemPreferences checkLockFile0ErrorCode
2026-05-29 23:23:22,767 [ERROR] LogOutputStream:75 - [STDERR_REDIRECT] WARNING: Could not lock System prefs. Unix error code 2.
2026-05-29 23:23:22,771 [ERROR] LogOutputStream:75 - [STDERR_REDIRECT] 
2026-05-29 23:23:22,772 [ERROR] LogOutputStream:75 - [STDERR_REDIRECT] May 29, 2026 11:23:22 PM java.util.prefs.FileSystemPreferences syncWorld
2026-05-29 23:23:22,773 [ERROR] LogOutputStream:75 - [STDERR_REDIRECT] WARNING: Couldn't flush system prefs: java.util.prefs.BackingStoreException: Couldn't get file lock.
2026-05-29 23:23:22,773 [ERROR] LogOutputStream:75 - [STDERR_REDIRECT] 
2026-05-29 23:23:52,768 [ERROR] LogOutputStream:75 - [STDERR_REDIRECT] May 29, 2026 11:23:52 PM java.util.prefs.FileSystemPreferences checkLockFile0ErrorCode
2026-05-29 23:23:52,769 [ERROR] LogOutputStream:75 - [STDERR_REDIRECT] WARNING: Could not lock System prefs. Unix error code 2.
2026-05-29 23:23:52,769 [ERROR] LogOutputStream:75 - [STDERR_REDIRECT] 
2026-05-29 23:23:52,770 [ERROR] LogOutputStream:75 - [STDERR_REDIRECT] May 29, 2026 11:23:52 PM java.util.prefs.FileSystemPreferences syncWorld
2026-05-29 23:23:52,771 [ERROR] LogOutputStream:75 - [STDERR_REDIRECT] WARNING: Couldn't flush system prefs: java.util.prefs.BackingStoreException: Couldn't get file lock.
2026-05-29 23:23:52,771 [ERROR] LogOutputStream:75 - [STDERR_REDIRECT] 
2026-05-29 23:24:22,767 [ERROR] LogOutputStream:75 - [STDERR_REDIRECT] May 29, 2026 11:24:22 PM java.util.prefs.FileSystemPreferences checkLockFile0ErrorCode
2026-05-29 23:24:22,768 [ERROR] LogOutputStream:75 - [STDERR_REDIRECT] WARNING: Could not lock System prefs. Unix error code 2.
2026-05-29 23:24:22,768 [ERROR] LogOutputStream:75 - [STDERR_REDIRECT] 
2026-05-29 23:24:22,769 [ERROR] LogOutputStream:75 - [STDERR_REDIRECT] May 29, 2026 11:24:22 PM java.util.prefs.FileSystemPreferences syncWorld
2026-05-29 23:24:22,769 [ERROR] LogOutputStream:75 - [STDERR_REDIRECT] WARNING: Couldn't flush system prefs: java.util.prefs.BackingStoreException: Couldn't get file lock.
2026-05-29 23:24:22,770 [ERROR] LogOutputStream:75 - [STDERR_REDIRECT] 
2026-05-29 23:24:52,772 [ERROR] LogOutputStream:75 - [STDERR_REDIRECT] May 29, 2026 11:24:52 PM java.util.prefs.FileSystemPreferences checkLockFile0ErrorCode
2026-05-29 23:24:52,774 [ERROR] LogOutputStream:75 - [STDERR_REDIRECT] WARNING: Could not lock System prefs. Unix error code 2.
2026-05-29 23:24:52,774 [ERROR] LogOutputStream:75 - [STDERR_REDIRECT] 
2026-05-29 23:24:52,780 [ERROR] LogOutputStream:75 - [STDERR_REDIRECT] May 29, 2026 11:24:52 PM java.util.prefs.FileSystemPreferences syncWorld
2026-05-29 23:24:52,780 [ERROR] LogOutputStream:75 - [STDERR_REDIRECT] WARNING: Couldn't flush system prefs: java.util.prefs.BackingStoreException: Couldn't get file lock.
2026-05-29 23:24:52,780 [ERROR] LogOutputStream:75 - [STDERR_REDIRECT] 
2026-05-29 23:25:22,769 [ERROR] LogOutputStream:75 - [STDERR_REDIRECT] May 29, 2026 11:25:22 PM java.util.prefs.FileSystemPreferences checkLockFile0ErrorCode
2026-05-29 23:25:22,770 [ERROR] LogOutputStream:75 - [STDERR_REDIRECT] WARNING: Could not lock System prefs. Unix error code 2.
2026-05-29 23:25:22,770 [ERROR] LogOutputStream:75 - [STDERR_REDIRECT] 
2026-05-29 23:25:22,774 [ERROR] LogOutputStream:75 - [STDERR_REDIRECT] May 29, 2026 11:25:22 PM java.util.prefs.FileSystemPreferences syncWorld
2026-05-29 23:25:22,774 [ERROR] LogOutputStream:75 - [STDERR_REDIRECT] WARNING: Couldn't flush system prefs: java.util.prefs.BackingStoreException: Couldn't get file lock.
2026-05-29 23:25:22,775 [ERROR] LogOutputStream:75 - [STDERR_REDIRECT] 
2026-05-29 23:25:52,770 [ERROR] LogOutputStream:75 - [STDERR_REDIRECT] May 29, 2026 11:25:52 PM java.util.prefs.FileSystemPreferences checkLockFile0ErrorCode
2026-05-29 23:25:52,773 [ERROR] LogOutputStream:75 - [STDERR_REDIRECT] WARNING: Could not lock System prefs. Unix error code 2.
2026-05-29 23:25:52,773 [ERROR] LogOutputStream:75 - [STDERR_REDIRECT] 
2026-05-29 23:25:52,776 [ERROR] LogOutputStream:75 - [STDERR_REDIRECT] May 29, 2026 11:25:52 PM java.util.prefs.FileSystemPreferences syncWorld
2026-05-29 23:25:52,777 [ERROR] LogOutputStream:75 - [STDERR_REDIRECT] WARNING: Couldn't flush system prefs: java.util.prefs.BackingStoreException: Couldn't get file lock.
2026-05-29 23:25:52,777 [ERROR] LogOutputStream:75 - [STDERR_REDIRECT] 
2026-05-29 23:26:22,769 [ERROR] LogOutputStream:75 - [STDERR_REDIRECT] May 29, 2026 11:26:22 PM java.util.prefs.FileSystemPreferences checkLockFile0ErrorCode
2026-05-29 23:26:22,770 [ERROR] LogOutputStream:75 - [STDERR_REDIRECT] WARNING: Could not lock System prefs. Unix error code 2.
2026-05-29 23:26:22,770 [ERROR] LogOutputStream:75 - [STDERR_REDIRECT] 
2026-05-29 23:26:22,771 [ERROR] LogOutputStream:75 - [STDERR_REDIRECT] May 29, 2026 11:26:22 PM java.util.prefs.FileSystemPreferences syncWorld
2026-05-29 23:26:22,772 [ERROR] LogOutputStream:75 - [STDERR_REDIRECT] WARNING: Couldn't flush system prefs: java.util.prefs.BackingStoreException: Couldn't get file lock.
2026-05-29 23:26:22,772 [ERROR] LogOutputStream:75 - [STDERR_REDIRECT] 
2026-05-29 23:26:52,772 [ERROR] LogOutputStream:75 - [STDERR_REDIRECT] May 29, 2026 11:26:52 PM java.util.prefs.FileSystemPreferences checkLockFile0ErrorCode
2026-05-29 23:26:52,773 [ERROR] LogOutputStream:75 - [STDERR_REDIRECT] WARNING: Could not lock System prefs. Unix error code 2.
2026-05-29 23:26:52,773 [ERROR] LogOutputStream:75 - [STDERR_REDIRECT] 
2026-05-29 23:26:52,776 [ERROR] LogOutputStream:75 - [STDERR_REDIRECT] May 29, 2026 11:26:52 PM java.util.prefs.FileSystemPreferences syncWorld
2026-05-29 23:26:52,777 [ERROR] LogOutputStream:75 - [STDERR_REDIRECT] WARNING: Couldn't flush system prefs: java.util.prefs.BackingStoreException: Couldn't get file lock.
2026-05-29 23:26:52,777 [ERROR] LogOutputStream:75 - [STDERR_REDIRECT] 
2026-05-29 23:27:22,769 [ERROR] LogOutputStream:75 - [STDERR_REDIRECT] May 29, 2026 11:27:22 PM java.util.prefs.FileSystemPreferences checkLockFile0ErrorCode
2026-05-29 23:27:22,770 [ERROR] LogOutputStream:75 - [STDERR_REDIRECT] WARNING: Could not lock System prefs. Unix error code 2.
2026-05-29 23:27:22,770 [ERROR] LogOutputStream:75 - [STDERR_REDIRECT] 
2026-05-29 23:27:22,771 [ERROR] LogOutputStream:75 - [STDERR_REDIRECT] May 29, 2026 11:27:22 PM java.util.prefs.FileSystemPreferences syncWorld
2026-05-29 23:27:22,772 [ERROR] LogOutputStream:75 - [STDERR_REDIRECT] WARNING: Couldn't flush system prefs: java.util.prefs.BackingStoreException: Couldn't get file lock.
2026-05-29 23:27:22,772 [ERROR] LogOutputStream:75 - [STDERR_REDIRECT] 
2026-05-29 23:27:52,770 [ERROR] LogOutputStream:75 - [STDERR_REDIRECT] May 29, 2026 11:27:52 PM java.util.prefs.FileSystemPreferences checkLockFile0ErrorCode
2026-05-29 23:27:52,773 [ERROR] LogOutputStream:75 - [STDERR_REDIRECT] WARNING: Could not lock System prefs. Unix error code 2.
2026-05-29 23:27:52,774 [ERROR] LogOutputStream:75 - [STDERR_REDIRECT] 
2026-05-29 23:27:52,776 [ERROR] LogOutputStream:75 - [STDERR_REDIRECT] May 29, 2026 11:27:52 PM java.util.prefs.FileSystemPreferences syncWorld
2026-05-29 23:27:52,777 [ERROR] LogOutputStream:75 - [STDERR_REDIRECT] WARNING: Couldn't flush system prefs: java.util.prefs.BackingStoreException: Couldn't get file lock.
2026-05-29 23:27:52,778 [ERROR] LogOutputStream:75 - [STDERR_REDIRECT] 
2026-05-29 23:28:22,771 [ERROR] LogOutputStream:75 - [STDERR_REDIRECT] May 29, 2026 11:28:22 PM java.util.prefs.FileSystemPreferences checkLockFile0ErrorCode
2026-05-29 23:28:22,772 [ERROR] LogOutputStream:75 - [STDERR_REDIRECT] WARNING: Could not lock System prefs. Unix error code 2.
2026-05-29 23:28:22,772 [ERROR] LogOutputStream:75 - [STDERR_REDIRECT] 
2026-05-29 23:28:22,773 [ERROR] LogOutputStream:75 - [STDERR_REDIRECT] May 29, 2026 11:28:22 PM java.util.prefs.FileSystemPreferences syncWorld
2026-05-29 23:28:22,774 [ERROR] LogOutputStream:75 - [STDERR_REDIRECT] WARNING: Couldn't flush system prefs: java.util.prefs.BackingStoreException: Couldn't get file lock.
2026-05-29 23:28:22,774 [ERROR] LogOutputStream:75 - [STDERR_REDIRECT] 
2026-05-29 23:28:52,771 [ERROR] LogOutputStream:75 - [STDERR_REDIRECT] May 29, 2026 11:28:52 PM java.util.prefs.FileSystemPreferences checkLockFile0ErrorCode
2026-05-29 23:28:52,772 [ERROR] LogOutputStream:75 - [STDERR_REDIRECT] WARNING: Could not lock System prefs. Unix error code 2.
2026-05-29 23:28:52,772 [ERROR] LogOutputStream:75 - [STDERR_REDIRECT] 
2026-05-29 23:28:52,773 [ERROR] LogOutputStream:75 - [STDERR_REDIRECT] May 29, 2026 11:28:52 PM java.util.prefs.FileSystemPreferences syncWorld
2026-05-29 23:28:52,774 [ERROR] LogOutputStream:75 - [STDERR_REDIRECT] WARNING: Couldn't flush system prefs: java.util.prefs.BackingStoreException: Couldn't get file lock.
2026-05-29 23:28:52,774 [ERROR] LogOutputStream:75 - [STDERR_REDIRECT] 
2026-05-29 23:29:22,770 [ERROR] LogOutputStream:75 - [STDERR_REDIRECT] May 29, 2026 11:29:22 PM java.util.prefs.FileSystemPreferences checkLockFile0ErrorCode
2026-05-29 23:29:22,771 [ERROR] LogOutputStream:75 - [STDERR_REDIRECT] WARNING: Could not lock System prefs. Unix error code 2.
2026-05-29 23:29:22,771 [ERROR] LogOutputStream:75 - [STDERR_REDIRECT] 
2026-05-29 23:29:22,772 [ERROR] LogOutputStream:75 - [STDERR_REDIRECT] May 29, 2026 11:29:22 PM java.util.prefs.FileSystemPreferences syncWorld
2026-05-29 23:29:22,773 [ERROR] LogOutputStream:75 - [STDERR_REDIRECT] WARNING: Couldn't flush system prefs: java.util.prefs.BackingStoreException: Couldn't get file lock.
2026-05-29 23:29:22,773 [ERROR] LogOutputStream:75 - [STDERR_REDIRECT] 
2026-05-29 23:29:47,844 [ERROR] LogOutputStream:75 - [STDERR_REDIRECT] 
2026-05-29 23:29:47,845 [ERROR] LogOutputStream:75 - [STDERR_REDIRECT] 
